Waiting for compile_commands.json to be created...
File finished in 0.00 seconds: compile_commands.json
before: [
  {
    "directory": "/home/andreas/code/hobby_cpp/JoD6Em/repo/client/cmake",
    "command": "/home/andreas/source_build/emsdk/upstream/emscripten/em++  @CMakeFiles/JourneyOfDreams.dir/includes_CXX.rsp -flto=auto -sUSE_SDL=2 -sUSE_SDL_TTF=2 -sUSE_SDL_IMAGE=2 -sUSE_WEBGL2=1 -sSTB_IMAGE -sUSE_GLFW=3 --preload-file /home/andreas/code/hobby_cpp/JoD6Em/repo/client/cmake/../preloaded_files@/ --shell-file /home/andreas/code/hobby_cpp/JoD6Em/repo/client/cmake/../html/shell_minimal.html -std=gnu++20 -Winvalid-pch -fpch-instantiate-templates -Xclang -emit-pch -Xclang -include -Xclang /home/andreas/code/hobby_cpp/JoD6Em/repo/client/cmake/CMakeFiles/JourneyOfDreams.dir/cmake_pch.hxx -x c++-header -o CMakeFiles/JourneyOfDreams.dir/cmake_pch.hxx.pch -c /home/andreas/code/hobby_cpp/JoD6Em/repo/client/cmake/CMakeFiles/JourneyOfDreams.dir/cmake_pch.hxx.cxx",
    "file": "/home/andreas/code/hobby_cpp/JoD6Em/repo/client/cmake/CMakeFiles/JourneyOfDreams.dir/cmake_pch.hxx.cxx",
    "output": "CMakeFiles/JourneyOfDreams.dir/cmake_pch.hxx.pch"
  },
  {
    "directory": "/home/andreas/code/hobby_cpp/JoD6Em/repo/client/cmake",
    "command": "/home/andreas/source_build/emsdk/upstream/emscripten/em++  @CMakeFiles/JourneyOfDreams.dir/includes_CXX.rsp -flto=auto -sUSE_SDL=2 -sUSE_SDL_TTF=2 -sUSE_SDL_IMAGE=2 -sUSE_WEBGL2=1 -sSTB_IMAGE -sUSE_GLFW=3 --preload-file /home/andreas/code/hobby_cpp/JoD6Em/repo/client/cmake/../preloaded_files@/ --shell-file /home/andreas/code/hobby_cpp/JoD6Em/repo/client/cmake/../html/shell_minimal.html -std=gnu++20 -Winvalid-pch -Xclang -include-pch -Xclang /home/andreas/code/hobby_cpp/JoD6Em/repo/client/cmake/CMakeFiles/JourneyOfDreams.dir/cmake_pch.hxx.pch -Xclang -include -Xclang /home/andreas/code/hobby_cpp/JoD6Em/repo/client/cmake/CMakeFiles/JourneyOfDreams.dir/cmake_pch.hxx -o CMakeFiles/JourneyOfDreams.dir/home/andreas/code/hobby_cpp/JoD6Em/repo/client/src/Assets.cpp.o -c /home/andreas/code/hobby_cpp/JoD6Em/repo/client/src/Assets.cpp",
    "file": "/home/andreas/code/hobby_cpp/JoD6Em/repo/client/src/Assets.cpp",
    "output": "CMakeFiles/JourneyOfDreams.dir/home/andreas/code/hobby_cpp/JoD6Em/repo/client/src/Assets.cpp.o"
  },
  {
    "directory": "/home/andreas/code/hobby_cpp/JoD6Em/repo/client/cmake",
    "command": "/home/andreas/source_build/emsdk/upstream/emscripten/em++  @CMakeFiles/JourneyOfDreams.dir/includes_CXX.rsp -flto=auto -sUSE_SDL=2 -sUSE_SDL_TTF=2 -sUSE_SDL_IMAGE=2 -sUSE_WEBGL2=1 -sSTB_IMAGE -sUSE_GLFW=3 --preload-file /home/andreas/code/hobby_cpp/JoD6Em/repo/client/cmake/../preloaded_files@/ --shell-file /home/andreas/code/hobby_cpp/JoD6Em/repo/client/cmake/../html/shell_minimal.html -std=gnu++20 -Winvalid-pch -Xclang -include-pch -Xclang /home/andreas/code/hobby_cpp/JoD6Em/repo/client/cmake/CMakeFiles/JourneyOfDreams.dir/cmake_pch.hxx.pch -Xclang -include -Xclang /home/andreas/code/hobby_cpp/JoD6Em/repo/client/cmake/CMakeFiles/JourneyOfDreams.dir/cmake_pch.hxx -o CMakeFiles/JourneyOfDreams.dir/home/andreas/code/hobby_cpp/JoD6Em/repo/client/src/Core.cpp.o -c /home/andreas/code/hobby_cpp/JoD6Em/repo/client/src/Core.cpp",
    "file": "/home/andreas/code/hobby_cpp/JoD6Em/repo/client/src/Core.cpp",
    "output": "CMakeFiles/JourneyOfDreams.dir/home/andreas/code/hobby_cpp/JoD6Em/repo/client/src/Core.cpp.o"
  },
  {
    "directory": "/home/andreas/code/hobby_cpp/JoD6Em/repo/client/cmake",
    "command": "/home/andreas/source_build/emsdk/upstream/emscripten/em++  @CMakeFiles/JourneyOfDreams.dir/includes_CXX.rsp -flto=auto -sUSE_SDL=2 -sUSE_SDL_TTF=2 -sUSE_SDL_IMAGE=2 -sUSE_WEBGL2=1 -sSTB_IMAGE -sUSE_GLFW=3 --preload-file /home/andreas/code/hobby_cpp/JoD6Em/repo/client/cmake/../preloaded_files@/ --shell-file /home/andreas/code/hobby_cpp/JoD6Em/repo/client/cmake/../html/shell_minimal.html -std=gnu++20 -Winvalid-pch -Xclang -include-pch -Xclang /home/andreas/code/hobby_cpp/JoD6Em/repo/client/cmake/CMakeFiles/JourneyOfDreams.dir/cmake_pch.hxx.pch -Xclang -include -Xclang /home/andreas/code/hobby_cpp/JoD6Em/repo/client/cmake/CMakeFiles/JourneyOfDreams.dir/cmake_pch.hxx -o CMakeFiles/JourneyOfDreams.dir/home/andreas/code/hobby_cpp/JoD6Em/repo/client/src/Graphics.cpp.o -c /home/andreas/code/hobby_cpp/JoD6Em/repo/client/src/Graphics.cpp",
    "file": "/home/andreas/code/hobby_cpp/JoD6Em/repo/client/src/Graphics.cpp",
    "output": "CMakeFiles/JourneyOfDreams.dir/home/andreas/code/hobby_cpp/JoD6Em/repo/client/src/Graphics.cpp.o"
  },
  {
    "directory": "/home/andreas/code/hobby_cpp/JoD6Em/repo/client/cmake",
    "command": "/home/andreas/source_build/emsdk/upstream/emscripten/em++  @CMakeFiles/JourneyOfDreams.dir/includes_CXX.rsp -flto=auto -sUSE_SDL=2 -sUSE_SDL_TTF=2 -sUSE_SDL_IMAGE=2 -sUSE_WEBGL2=1 -sSTB_IMAGE -sUSE_GLFW=3 --preload-file /home/andreas/code/hobby_cpp/JoD6Em/repo/client/cmake/../preloaded_files@/ --shell-file /home/andreas/code/hobby_cpp/JoD6Em/repo/client/cmake/../html/shell_minimal.html -std=gnu++20 -Winvalid-pch -Xclang -include-pch -Xclang /home/andreas/code/hobby_cpp/JoD6Em/repo/client/cmake/CMakeFiles/JourneyOfDreams.dir/cmake_pch.hxx.pch -Xclang -include -Xclang /home/andreas/code/hobby_cpp/JoD6Em/repo/client/cmake/CMakeFiles/JourneyOfDreams.dir/cmake_pch.hxx -o CMakeFiles/JourneyOfDreams.dir/home/andreas/code/hobby_cpp/JoD6Em/repo/client/src/Main.cpp.o -c /home/andreas/code/hobby_cpp/JoD6Em/repo/client/src/Main.cpp",
    "file": "/home/andreas/code/hobby_cpp/JoD6Em/repo/client/src/Main.cpp",
    "output": "CMakeFiles/JourneyOfDreams.dir/home/andreas/code/hobby_cpp/JoD6Em/repo/client/src/Main.cpp.o"
  },
  {
    "directory": "/home/andreas/code/hobby_cpp/JoD6Em/repo/client/cmake",
    "command": "/home/andreas/source_build/emsdk/upstream/emscripten/em++  @CMakeFiles/JourneyOfDreams.dir/includes_CXX.rsp -flto=auto -sUSE_SDL=2 -sUSE_SDL_TTF=2 -sUSE_SDL_IMAGE=2 -sUSE_WEBGL2=1 -sSTB_IMAGE -sUSE_GLFW=3 --preload-file /home/andreas/code/hobby_cpp/JoD6Em/repo/client/cmake/../preloaded_files@/ --shell-file /home/andreas/code/hobby_cpp/JoD6Em/repo/client/cmake/../html/shell_minimal.html -std=gnu++20 -Winvalid-pch -Xclang -include-pch -Xclang /home/andreas/code/hobby_cpp/JoD6Em/repo/client/cmake/CMakeFiles/JourneyOfDreams.dir/cmake_pch.hxx.pch -Xclang -include -Xclang /home/andreas/code/hobby_cpp/JoD6Em/repo/client/cmake/CMakeFiles/JourneyOfDreams.dir/cmake_pch.hxx -o CMakeFiles/JourneyOfDreams.dir/home/andreas/code/hobby_cpp/JoD6Em/repo/client/src/Net.cpp.o -c /home/andreas/code/hobby_cpp/JoD6Em/repo/client/src/Net.cpp",
    "file": "/home/andreas/code/hobby_cpp/JoD6Em/repo/client/src/Net.cpp",
    "output": "CMakeFiles/JourneyOfDreams.dir/home/andreas/code/hobby_cpp/JoD6Em/repo/client/src/Net.cpp.o"
  },
  {
    "directory": "/home/andreas/code/hobby_cpp/JoD6Em/repo/client/cmake",
    "command": "/home/andreas/source_build/emsdk/upstream/emscripten/em++  @CMakeFiles/JourneyOfDreams.dir/includes_CXX.rsp -flto=auto -sUSE_SDL=2 -sUSE_SDL_TTF=2 -sUSE_SDL_IMAGE=2 -sUSE_WEBGL2=1 -sSTB_IMAGE -sUSE_GLFW=3 --preload-file /home/andreas/code/hobby_cpp/JoD6Em/repo/client/cmake/../preloaded_files@/ --shell-file /home/andreas/code/hobby_cpp/JoD6Em/repo/client/cmake/../html/shell_minimal.html -std=gnu++20 -Winvalid-pch -Xclang -include-pch -Xclang /home/andreas/code/hobby_cpp/JoD6Em/repo/client/cmake/CMakeFiles/JourneyOfDreams.dir/cmake_pch.hxx.pch -Xclang -include -Xclang /home/andreas/code/hobby_cpp/JoD6Em/repo/client/cmake/CMakeFiles/JourneyOfDreams.dir/cmake_pch.hxx -o CMakeFiles/JourneyOfDreams.dir/home/andreas/code/hobby_cpp/JoD6Em/repo/client/src/Rendering.cpp.o -c /home/andreas/code/hobby_cpp/JoD6Em/repo/client/src/Rendering.cpp",
    "file": "/home/andreas/code/hobby_cpp/JoD6Em/repo/client/src/Rendering.cpp",
    "output": "CMakeFiles/JourneyOfDreams.dir/home/andreas/code/hobby_cpp/JoD6Em/repo/client/src/Rendering.cpp.o"
  },
  {
    "directory": "/home/andreas/code/hobby_cpp/JoD6Em/repo/client/cmake",
    "command": "/home/andreas/source_build/emsdk/upstream/emscripten/em++  @CMakeFiles/JourneyOfDreams.dir/includes_CXX.rsp -flto=auto -sUSE_SDL=2 -sUSE_SDL_TTF=2 -sUSE_SDL_IMAGE=2 -sUSE_WEBGL2=1 -sSTB_IMAGE -sUSE_GLFW=3 --preload-file /home/andreas/code/hobby_cpp/JoD6Em/repo/client/cmake/../preloaded_files@/ --shell-file /home/andreas/code/hobby_cpp/JoD6Em/repo/client/cmake/../html/shell_minimal.html -std=gnu++20 -Winvalid-pch -Xclang -include-pch -Xclang /home/andreas/code/hobby_cpp/JoD6Em/repo/client/cmake/CMakeFiles/JourneyOfDreams.dir/cmake_pch.hxx.pch -Xclang -include -Xclang /home/andreas/code/hobby_cpp/JoD6Em/repo/client/cmake/CMakeFiles/JourneyOfDreams.dir/cmake_pch.hxx -o CMakeFiles/JourneyOfDreams.dir/home/andreas/code/hobby_cpp/JoD6Em/repo/client/src/RenderingCore.cpp.o -c /home/andreas/code/hobby_cpp/JoD6Em/repo/client/src/RenderingCore.cpp",
    "file": "/home/andreas/code/hobby_cpp/JoD6Em/repo/client/src/RenderingCore.cpp",
    "output": "CMakeFiles/JourneyOfDreams.dir/home/andreas/code/hobby_cpp/JoD6Em/repo/client/src/RenderingCore.cpp.o"
  },
  {
    "directory": "/home/andreas/code/hobby_cpp/JoD6Em/repo/client/cmake",
    "command": "/home/andreas/source_build/emsdk/upstream/emscripten/em++  @CMakeFiles/JourneyOfDreams.dir/includes_CXX.rsp -flto=auto -sUSE_SDL=2 -sUSE_SDL_TTF=2 -sUSE_SDL_IMAGE=2 -sUSE_WEBGL2=1 -sSTB_IMAGE -sUSE_GLFW=3 --preload-file /home/andreas/code/hobby_cpp/JoD6Em/repo/client/cmake/../preloaded_files@/ --shell-file /home/andreas/code/hobby_cpp/JoD6Em/repo/client/cmake/../html/shell_minimal.html -std=gnu++20 -Winvalid-pch -Xclang -include-pch -Xclang /home/andreas/code/hobby_cpp/JoD6Em/repo/client/cmake/CMakeFiles/JourneyOfDreams.dir/cmake_pch.hxx.pch -Xclang -include -Xclang /home/andreas/code/hobby_cpp/JoD6Em/repo/client/cmake/CMakeFiles/JourneyOfDreams.dir/cmake_pch.hxx -o CMakeFiles/JourneyOfDreams.dir/home/andreas/code/hobby_cpp/JoD6Em/repo/client/src/Util.cpp.o -c /home/andreas/code/hobby_cpp/JoD6Em/repo/client/src/Util.cpp",
    "file": "/home/andreas/code/hobby_cpp/JoD6Em/repo/client/src/Util.cpp",
    "output": "CMakeFiles/JourneyOfDreams.dir/home/andreas/code/hobby_cpp/JoD6Em/repo/client/src/Util.cpp.o"
  },
  {
    "directory": "/home/andreas/code/hobby_cpp/JoD6Em/repo/client/cmake",
    "command": "/home/andreas/source_build/emsdk/upstream/emscripten/em++  @CMakeFiles/JourneyOfDreams.dir/includes_CXX.rsp -flto=auto -sUSE_SDL=2 -sUSE_SDL_TTF=2 -sUSE_SDL_IMAGE=2 -sUSE_WEBGL2=1 -sSTB_IMAGE -sUSE_GLFW=3 --preload-file /home/andreas/code/hobby_cpp/JoD6Em/repo/client/cmake/../preloaded_files@/ --shell-file /home/andreas/code/hobby_cpp/JoD6Em/repo/client/cmake/../html/shell_minimal.html -std=gnu++20 -Winvalid-pch -Xclang -include-pch -Xclang /home/andreas/code/hobby_cpp/JoD6Em/repo/client/cmake/CMakeFiles/JourneyOfDreams.dir/cmake_pch.hxx.pch -Xclang -include -Xclang /home/andreas/code/hobby_cpp/JoD6Em/repo/client/cmake/CMakeFiles/JourneyOfDreams.dir/cmake_pch.hxx -o CMakeFiles/JourneyOfDreams.dir/home/andreas/code/hobby_cpp/JoD6Em/repo/shared/src/CommonUtils.cpp.o -c /home/andreas/code/hobby_cpp/JoD6Em/repo/shared/src/CommonUtils.cpp",
    "file": "/home/andreas/code/hobby_cpp/JoD6Em/repo/shared/src/CommonUtils.cpp",
    "output": "CMakeFiles/JourneyOfDreams.dir/home/andreas/code/hobby_cpp/JoD6Em/repo/shared/src/CommonUtils.cpp.o"
  },
  {
    "directory": "/home/andreas/code/hobby_cpp/JoD6Em/repo/client/cmake",
    "command": "/home/andreas/source_build/emsdk/upstream/emscripten/em++  @CMakeFiles/JourneyOfDreams.dir/includes_CXX.rsp -flto=auto -sUSE_SDL=2 -sUSE_SDL_TTF=2 -sUSE_SDL_IMAGE=2 -sUSE_WEBGL2=1 -sSTB_IMAGE -sUSE_GLFW=3 --preload-file /home/andreas/code/hobby_cpp/JoD6Em/repo/client/cmake/../preloaded_files@/ --shell-file /home/andreas/code/hobby_cpp/JoD6Em/repo/client/cmake/../html/shell_minimal.html -std=gnu++20 -Winvalid-pch -Xclang -include-pch -Xclang /home/andreas/code/hobby_cpp/JoD6Em/repo/client/cmake/CMakeFiles/JourneyOfDreams.dir/cmake_pch.hxx.pch -Xclang -include -Xclang /home/andreas/code/hobby_cpp/JoD6Em/repo/client/cmake/CMakeFiles/JourneyOfDreams.dir/cmake_pch.hxx -o CMakeFiles/JourneyOfDreams.dir/home/andreas/code/hobby_cpp/JoD6Em/repo/shared/src/MathLib.cpp.o -c /home/andreas/code/hobby_cpp/JoD6Em/repo/shared/src/MathLib.cpp",
    "file": "/home/andreas/code/hobby_cpp/JoD6Em/repo/shared/src/MathLib.cpp",
    "output": "CMakeFiles/JourneyOfDreams.dir/home/andreas/code/hobby_cpp/JoD6Em/repo/shared/src/MathLib.cpp.o"
  }
]
after: [
  {
    "directory": "/home/andreas/code/hobby_cpp/JoD6Em/repo/client/cmake",
    "command": "/home/andreas/source_build/emsdk/upstream/emscripten/em++  @CMakeFiles/JourneyOfDreams.dir/includes_CXX.rsp -flto=auto -sUSE_SDL=2 -sUSE_SDL_TTF=2 -sUSE_SDL_IMAGE=2 -sUSE_WEBGL2=1 -sSTB_IMAGE -sUSE_GLFW=3 --preload-file /home/andreas/code/hobby_cpp/JoD6Em/repo/client/cmake/../preloaded_files@/ --shell-file /home/andreas/code/hobby_cpp/JoD6Em/repo/client/cmake/../html/shell_minimal.html -std=gnu++20 -Winvalid-pch -fpch-instantiate-templates -Xclang -emit-pch -Xclang -include -Xclang /home/andreas/code/hobby_cpp/JoD6Em/repo/client/cmake/CMakeFiles/JourneyOfDreams.dir/cmake_pch.hxx -x c++-header -o CMakeFiles/JourneyOfDreams.dir/cmake_pch.hxx.pch -c /home/andreas/code/hobby_cpp/JoD6Em/repo/client/cmake/CMakeFiles/JourneyOfDreams.dir/cmake_pch.hxx.cxx -target wasm32-unknown-emscripten -fignore-exceptions -mllvm -combiner-global-alias-analysis=false -mllvm -enable-emscripten-sjlj -mllvm -disable-lsr --sysroot=/home/andreas/source_build/emsdk/upstream/emscripten/cache/sysroot -DEMSCRIPTEN -isystem /home/andreas/source_build/emsdk/upstream/emscripten/cache/sysroot/include/freetype2 -isystem /home/andreas/source_build/emsdk/upstream/emscripten/cache/sysroot/include/harfbuzz -isystem /home/andreas/source_build/emsdk/upstream/emscripten/cache/sysroot/include/SDL2 -DTTF_USE_HARFBUZZ=1 -Xclang -iwithsysroot/include/compat",
    "file": "/home/andreas/code/hobby_cpp/JoD6Em/repo/client/cmake/CMakeFiles/JourneyOfDreams.dir/cmake_pch.hxx.cxx",
    "output": "CMakeFiles/JourneyOfDreams.dir/cmake_pch.hxx.pch"
  },
  {
    "directory": "/home/andreas/code/hobby_cpp/JoD6Em/repo/client/cmake",
    "command": "/home/andreas/source_build/emsdk/upstream/emscripten/em++  @CMakeFiles/JourneyOfDreams.dir/includes_CXX.rsp -flto=auto -sUSE_SDL=2 -sUSE_SDL_TTF=2 -sUSE_SDL_IMAGE=2 -sUSE_WEBGL2=1 -sSTB_IMAGE -sUSE_GLFW=3 --preload-file /home/andreas/code/hobby_cpp/JoD6Em/repo/client/cmake/../preloaded_files@/ --shell-file /home/andreas/code/hobby_cpp/JoD6Em/repo/client/cmake/../html/shell_minimal.html -std=gnu++20 -Winvalid-pch -Xclang -include-pch -Xclang /home/andreas/code/hobby_cpp/JoD6Em/repo/client/cmake/CMakeFiles/JourneyOfDreams.dir/cmake_pch.hxx.pch -Xclang -include -Xclang /home/andreas/code/hobby_cpp/JoD6Em/repo/client/cmake/CMakeFiles/JourneyOfDreams.dir/cmake_pch.hxx -o CMakeFiles/JourneyOfDreams.dir/home/andreas/code/hobby_cpp/JoD6Em/repo/client/src/Assets.cpp.o -c /home/andreas/code/hobby_cpp/JoD6Em/repo/client/src/Assets.cpp -target wasm32-unknown-emscripten -fignore-exceptions -mllvm -combiner-global-alias-analysis=false -mllvm -enable-emscripten-sjlj -mllvm -disable-lsr --sysroot=/home/andreas/source_build/emsdk/upstream/emscripten/cache/sysroot -DEMSCRIPTEN -isystem /home/andreas/source_build/emsdk/upstream/emscripten/cache/sysroot/include/freetype2 -isystem /home/andreas/source_build/emsdk/upstream/emscripten/cache/sysroot/include/harfbuzz -isystem /home/andreas/source_build/emsdk/upstream/emscripten/cache/sysroot/include/SDL2 -DTTF_USE_HARFBUZZ=1 -Xclang -iwithsysroot/include/compat",
    "file": "/home/andreas/code/hobby_cpp/JoD6Em/repo/client/src/Assets.cpp",
    "output": "CMakeFiles/JourneyOfDreams.dir/home/andreas/code/hobby_cpp/JoD6Em/repo/client/src/Assets.cpp.o"
  },
  {
    "directory": "/home/andreas/code/hobby_cpp/JoD6Em/repo/client/cmake",
    "command": "/home/andreas/source_build/emsdk/upstream/emscripten/em++  @CMakeFiles/JourneyOfDreams.dir/includes_CXX.rsp -flto=auto -sUSE_SDL=2 -sUSE_SDL_TTF=2 -sUSE_SDL_IMAGE=2 -sUSE_WEBGL2=1 -sSTB_IMAGE -sUSE_GLFW=3 --preload-file /home/andreas/code/hobby_cpp/JoD6Em/repo/client/cmake/../preloaded_files@/ --shell-file /home/andreas/code/hobby_cpp/JoD6Em/repo/client/cmake/../html/shell_minimal.html -std=gnu++20 -Winvalid-pch -Xclang -include-pch -Xclang /home/andreas/code/hobby_cpp/JoD6Em/repo/client/cmake/CMakeFiles/JourneyOfDreams.dir/cmake_pch.hxx.pch -Xclang -include -Xclang /home/andreas/code/hobby_cpp/JoD6Em/repo/client/cmake/CMakeFiles/JourneyOfDreams.dir/cmake_pch.hxx -o CMakeFiles/JourneyOfDreams.dir/home/andreas/code/hobby_cpp/JoD6Em/repo/client/src/Core.cpp.o -c /home/andreas/code/hobby_cpp/JoD6Em/repo/client/src/Core.cpp -target wasm32-unknown-emscripten -fignore-exceptions -mllvm -combiner-global-alias-analysis=false -mllvm -enable-emscripten-sjlj -mllvm -disable-lsr --sysroot=/home/andreas/source_build/emsdk/upstream/emscripten/cache/sysroot -DEMSCRIPTEN -isystem /home/andreas/source_build/emsdk/upstream/emscripten/cache/sysroot/include/freetype2 -isystem /home/andreas/source_build/emsdk/upstream/emscripten/cache/sysroot/include/harfbuzz -isystem /home/andreas/source_build/emsdk/upstream/emscripten/cache/sysroot/include/SDL2 -DTTF_USE_HARFBUZZ=1 -Xclang -iwithsysroot/include/compat",
    "file": "/home/andreas/code/hobby_cpp/JoD6Em/repo/client/src/Core.cpp",
    "output": "CMakeFiles/JourneyOfDreams.dir/home/andreas/code/hobby_cpp/JoD6Em/repo/client/src/Core.cpp.o"
  },
  {
    "directory": "/home/andreas/code/hobby_cpp/JoD6Em/repo/client/cmake",
    "command": "/home/andreas/source_build/emsdk/upstream/emscripten/em++  @CMakeFiles/JourneyOfDreams.dir/includes_CXX.rsp -flto=auto -sUSE_SDL=2 -sUSE_SDL_TTF=2 -sUSE_SDL_IMAGE=2 -sUSE_WEBGL2=1 -sSTB_IMAGE -sUSE_GLFW=3 --preload-file /home/andreas/code/hobby_cpp/JoD6Em/repo/client/cmake/../preloaded_files@/ --shell-file /home/andreas/code/hobby_cpp/JoD6Em/repo/client/cmake/../html/shell_minimal.html -std=gnu++20 -Winvalid-pch -Xclang -include-pch -Xclang /home/andreas/code/hobby_cpp/JoD6Em/repo/client/cmake/CMakeFiles/JourneyOfDreams.dir/cmake_pch.hxx.pch -Xclang -include -Xclang /home/andreas/code/hobby_cpp/JoD6Em/repo/client/cmake/CMakeFiles/JourneyOfDreams.dir/cmake_pch.hxx -o CMakeFiles/JourneyOfDreams.dir/home/andreas/code/hobby_cpp/JoD6Em/repo/client/src/Graphics.cpp.o -c /home/andreas/code/hobby_cpp/JoD6Em/repo/client/src/Graphics.cpp -target wasm32-unknown-emscripten -fignore-exceptions -mllvm -combiner-global-alias-analysis=false -mllvm -enable-emscripten-sjlj -mllvm -disable-lsr --sysroot=/home/andreas/source_build/emsdk/upstream/emscripten/cache/sysroot -DEMSCRIPTEN -isystem /home/andreas/source_build/emsdk/upstream/emscripten/cache/sysroot/include/freetype2 -isystem /home/andreas/source_build/emsdk/upstream/emscripten/cache/sysroot/include/harfbuzz -isystem /home/andreas/source_build/emsdk/upstream/emscripten/cache/sysroot/include/SDL2 -DTTF_USE_HARFBUZZ=1 -Xclang -iwithsysroot/include/compat",
    "file": "/home/andreas/code/hobby_cpp/JoD6Em/repo/client/src/Graphics.cpp",
    "output": "CMakeFiles/JourneyOfDreams.dir/home/andreas/code/hobby_cpp/JoD6Em/repo/client/src/Graphics.cpp.o"
  },
  {
    "directory": "/home/andreas/code/hobby_cpp/JoD6Em/repo/client/cmake",
    "command": "/home/andreas/source_build/emsdk/upstream/emscripten/em++  @CMakeFiles/JourneyOfDreams.dir/includes_CXX.rsp -flto=auto -sUSE_SDL=2 -sUSE_SDL_TTF=2 -sUSE_SDL_IMAGE=2 -sUSE_WEBGL2=1 -sSTB_IMAGE -sUSE_GLFW=3 --preload-file /home/andreas/code/hobby_cpp/JoD6Em/repo/client/cmake/../preloaded_files@/ --shell-file /home/andreas/code/hobby_cpp/JoD6Em/repo/client/cmake/../html/shell_minimal.html -std=gnu++20 -Winvalid-pch -Xclang -include-pch -Xclang /home/andreas/code/hobby_cpp/JoD6Em/repo/client/cmake/CMakeFiles/JourneyOfDreams.dir/cmake_pch.hxx.pch -Xclang -include -Xclang /home/andreas/code/hobby_cpp/JoD6Em/repo/client/cmake/CMakeFiles/JourneyOfDreams.dir/cmake_pch.hxx -o CMakeFiles/JourneyOfDreams.dir/home/andreas/code/hobby_cpp/JoD6Em/repo/client/src/Main.cpp.o -c /home/andreas/code/hobby_cpp/JoD6Em/repo/client/src/Main.cpp -target wasm32-unknown-emscripten -fignore-exceptions -mllvm -combiner-global-alias-analysis=false -mllvm -enable-emscripten-sjlj -mllvm -disable-lsr --sysroot=/home/andreas/source_build/emsdk/upstream/emscripten/cache/sysroot -DEMSCRIPTEN -isystem /home/andreas/source_build/emsdk/upstream/emscripten/cache/sysroot/include/freetype2 -isystem /home/andreas/source_build/emsdk/upstream/emscripten/cache/sysroot/include/harfbuzz -isystem /home/andreas/source_build/emsdk/upstream/emscripten/cache/sysroot/include/SDL2 -DTTF_USE_HARFBUZZ=1 -Xclang -iwithsysroot/include/compat",
    "file": "/home/andreas/code/hobby_cpp/JoD6Em/repo/client/src/Main.cpp",
    "output": "CMakeFiles/JourneyOfDreams.dir/home/andreas/code/hobby_cpp/JoD6Em/repo/client/src/Main.cpp.o"
  },
  {
    "directory": "/home/andreas/code/hobby_cpp/JoD6Em/repo/client/cmake",
    "command": "/home/andreas/source_build/emsdk/upstream/emscripten/em++  @CMakeFiles/JourneyOfDreams.dir/includes_CXX.rsp -flto=auto -sUSE_SDL=2 -sUSE_SDL_TTF=2 -sUSE_SDL_IMAGE=2 -sUSE_WEBGL2=1 -sSTB_IMAGE -sUSE_GLFW=3 --preload-file /home/andreas/code/hobby_cpp/JoD6Em/repo/client/cmake/../preloaded_files@/ --shell-file /home/andreas/code/hobby_cpp/JoD6Em/repo/client/cmake/../html/shell_minimal.html -std=gnu++20 -Winvalid-pch -Xclang -include-pch -Xclang /home/andreas/code/hobby_cpp/JoD6Em/repo/client/cmake/CMakeFiles/JourneyOfDreams.dir/cmake_pch.hxx.pch -Xclang -include -Xclang /home/andreas/code/hobby_cpp/JoD6Em/repo/client/cmake/CMakeFiles/JourneyOfDreams.dir/cmake_pch.hxx -o CMakeFiles/JourneyOfDreams.dir/home/andreas/code/hobby_cpp/JoD6Em/repo/client/src/Net.cpp.o -c /home/andreas/code/hobby_cpp/JoD6Em/repo/client/src/Net.cpp -target wasm32-unknown-emscripten -fignore-exceptions -mllvm -combiner-global-alias-analysis=false -mllvm -enable-emscripten-sjlj -mllvm -disable-lsr --sysroot=/home/andreas/source_build/emsdk/upstream/emscripten/cache/sysroot -DEMSCRIPTEN -isystem /home/andreas/source_build/emsdk/upstream/emscripten/cache/sysroot/include/freetype2 -isystem /home/andreas/source_build/emsdk/upstream/emscripten/cache/sysroot/include/harfbuzz -isystem /home/andreas/source_build/emsdk/upstream/emscripten/cache/sysroot/include/SDL2 -DTTF_USE_HARFBUZZ=1 -Xclang -iwithsysroot/include/compat",
    "file": "/home/andreas/code/hobby_cpp/JoD6Em/repo/client/src/Net.cpp",
    "output": "CMakeFiles/JourneyOfDreams.dir/home/andreas/code/hobby_cpp/JoD6Em/repo/client/src/Net.cpp.o"
  },
  {
    "directory": "/home/andreas/code/hobby_cpp/JoD6Em/repo/client/cmake",
    "command": "/home/andreas/source_build/emsdk/upstream/emscripten/em++  @CMakeFiles/JourneyOfDreams.dir/includes_CXX.rsp -flto=auto -sUSE_SDL=2 -sUSE_SDL_TTF=2 -sUSE_SDL_IMAGE=2 -sUSE_WEBGL2=1 -sSTB_IMAGE -sUSE_GLFW=3 --preload-file /home/andreas/code/hobby_cpp/JoD6Em/repo/client/cmake/../preloaded_files@/ --shell-file /home/andreas/code/hobby_cpp/JoD6Em/repo/client/cmake/../html/shell_minimal.html -std=gnu++20 -Winvalid-pch -Xclang -include-pch -Xclang /home/andreas/code/hobby_cpp/JoD6Em/repo/client/cmake/CMakeFiles/JourneyOfDreams.dir/cmake_pch.hxx.pch -Xclang -include -Xclang /home/andreas/code/hobby_cpp/JoD6Em/repo/client/cmake/CMakeFiles/JourneyOfDreams.dir/cmake_pch.hxx -o CMakeFiles/JourneyOfDreams.dir/home/andreas/code/hobby_cpp/JoD6Em/repo/client/src/Rendering.cpp.o -c /home/andreas/code/hobby_cpp/JoD6Em/repo/client/src/Rendering.cpp -target wasm32-unknown-emscripten -fignore-exceptions -mllvm -combiner-global-alias-analysis=false -mllvm -enable-emscripten-sjlj -mllvm -disable-lsr --sysroot=/home/andreas/source_build/emsdk/upstream/emscripten/cache/sysroot -DEMSCRIPTEN -isystem /home/andreas/source_build/emsdk/upstream/emscripten/cache/sysroot/include/freetype2 -isystem /home/andreas/source_build/emsdk/upstream/emscripten/cache/sysroot/include/harfbuzz -isystem /home/andreas/source_build/emsdk/upstream/emscripten/cache/sysroot/include/SDL2 -DTTF_USE_HARFBUZZ=1 -Xclang -iwithsysroot/include/compat",
    "file": "/home/andreas/code/hobby_cpp/JoD6Em/repo/client/src/Rendering.cpp",
    "output": "CMakeFiles/JourneyOfDreams.dir/home/andreas/code/hobby_cpp/JoD6Em/repo/client/src/Rendering.cpp.o"
  },
  {
    "directory": "/home/andreas/code/hobby_cpp/JoD6Em/repo/client/cmake",
    "command": "/home/andreas/source_build/emsdk/upstream/emscripten/em++  @CMakeFiles/JourneyOfDreams.dir/includes_CXX.rsp -flto=auto -sUSE_SDL=2 -sUSE_SDL_TTF=2 -sUSE_SDL_IMAGE=2 -sUSE_WEBGL2=1 -sSTB_IMAGE -sUSE_GLFW=3 --preload-file /home/andreas/code/hobby_cpp/JoD6Em/repo/client/cmake/../preloaded_files@/ --shell-file /home/andreas/code/hobby_cpp/JoD6Em/repo/client/cmake/../html/shell_minimal.html -std=gnu++20 -Winvalid-pch -Xclang -include-pch -Xclang /home/andreas/code/hobby_cpp/JoD6Em/repo/client/cmake/CMakeFiles/JourneyOfDreams.dir/cmake_pch.hxx.pch -Xclang -include -Xclang /home/andreas/code/hobby_cpp/JoD6Em/repo/client/cmake/CMakeFiles/JourneyOfDreams.dir/cmake_pch.hxx -o CMakeFiles/JourneyOfDreams.dir/home/andreas/code/hobby_cpp/JoD6Em/repo/client/src/RenderingCore.cpp.o -c /home/andreas/code/hobby_cpp/JoD6Em/repo/client/src/RenderingCore.cpp -target wasm32-unknown-emscripten -fignore-exceptions -mllvm -combiner-global-alias-analysis=false -mllvm -enable-emscripten-sjlj -mllvm -disable-lsr --sysroot=/home/andreas/source_build/emsdk/upstream/emscripten/cache/sysroot -DEMSCRIPTEN -isystem /home/andreas/source_build/emsdk/upstream/emscripten/cache/sysroot/include/freetype2 -isystem /home/andreas/source_build/emsdk/upstream/emscripten/cache/sysroot/include/harfbuzz -isystem /home/andreas/source_build/emsdk/upstream/emscripten/cache/sysroot/include/SDL2 -DTTF_USE_HARFBUZZ=1 -Xclang -iwithsysroot/include/compat",
    "file": "/home/andreas/code/hobby_cpp/JoD6Em/repo/client/src/RenderingCore.cpp",
    "output": "CMakeFiles/JourneyOfDreams.dir/home/andreas/code/hobby_cpp/JoD6Em/repo/client/src/RenderingCore.cpp.o"
  },
  {
    "directory": "/home/andreas/code/hobby_cpp/JoD6Em/repo/client/cmake",
    "command": "/home/andreas/source_build/emsdk/upstream/emscripten/em++  @CMakeFiles/JourneyOfDreams.dir/includes_CXX.rsp -flto=auto -sUSE_SDL=2 -sUSE_SDL_TTF=2 -sUSE_SDL_IMAGE=2 -sUSE_WEBGL2=1 -sSTB_IMAGE -sUSE_GLFW=3 --preload-file /home/andreas/code/hobby_cpp/JoD6Em/repo/client/cmake/../preloaded_files@/ --shell-file /home/andreas/code/hobby_cpp/JoD6Em/repo/client/cmake/../html/shell_minimal.html -std=gnu++20 -Winvalid-pch -Xclang -include-pch -Xclang /home/andreas/code/hobby_cpp/JoD6Em/repo/client/cmake/CMakeFiles/JourneyOfDreams.dir/cmake_pch.hxx.pch -Xclang -include -Xclang /home/andreas/code/hobby_cpp/JoD6Em/repo/client/cmake/CMakeFiles/JourneyOfDreams.dir/cmake_pch.hxx -o CMakeFiles/JourneyOfDreams.dir/home/andreas/code/hobby_cpp/JoD6Em/repo/client/src/Util.cpp.o -c /home/andreas/code/hobby_cpp/JoD6Em/repo/client/src/Util.cpp -target wasm32-unknown-emscripten -fignore-exceptions -mllvm -combiner-global-alias-analysis=false -mllvm -enable-emscripten-sjlj -mllvm -disable-lsr --sysroot=/home/andreas/source_build/emsdk/upstream/emscripten/cache/sysroot -DEMSCRIPTEN -isystem /home/andreas/source_build/emsdk/upstream/emscripten/cache/sysroot/include/freetype2 -isystem /home/andreas/source_build/emsdk/upstream/emscripten/cache/sysroot/include/harfbuzz -isystem /home/andreas/source_build/emsdk/upstream/emscripten/cache/sysroot/include/SDL2 -DTTF_USE_HARFBUZZ=1 -Xclang -iwithsysroot/include/compat",
    "file": "/home/andreas/code/hobby_cpp/JoD6Em/repo/client/src/Util.cpp",
    "output": "CMakeFiles/JourneyOfDreams.dir/home/andreas/code/hobby_cpp/JoD6Em/repo/client/src/Util.cpp.o"
  },
  {
    "directory": "/home/andreas/code/hobby_cpp/JoD6Em/repo/client/cmake",
    "command": "/home/andreas/source_build/emsdk/upstream/emscripten/em++  @CMakeFiles/JourneyOfDreams.dir/includes_CXX.rsp -flto=auto -sUSE_SDL=2 -sUSE_SDL_TTF=2 -sUSE_SDL_IMAGE=2 -sUSE_WEBGL2=1 -sSTB_IMAGE -sUSE_GLFW=3 --preload-file /home/andreas/code/hobby_cpp/JoD6Em/repo/client/cmake/../preloaded_files@/ --shell-file /home/andreas/code/hobby_cpp/JoD6Em/repo/client/cmake/../html/shell_minimal.html -std=gnu++20 -Winvalid-pch -Xclang -include-pch -Xclang /home/andreas/code/hobby_cpp/JoD6Em/repo/client/cmake/CMakeFiles/JourneyOfDreams.dir/cmake_pch.hxx.pch -Xclang -include -Xclang /home/andreas/code/hobby_cpp/JoD6Em/repo/client/cmake/CMakeFiles/JourneyOfDreams.dir/cmake_pch.hxx -o CMakeFiles/JourneyOfDreams.dir/home/andreas/code/hobby_cpp/JoD6Em/repo/shared/src/CommonUtils.cpp.o -c /home/andreas/code/hobby_cpp/JoD6Em/repo/shared/src/CommonUtils.cpp -target wasm32-unknown-emscripten -fignore-exceptions -mllvm -combiner-global-alias-analysis=false -mllvm -enable-emscripten-sjlj -mllvm -disable-lsr --sysroot=/home/andreas/source_build/emsdk/upstream/emscripten/cache/sysroot -DEMSCRIPTEN -isystem /home/andreas/source_build/emsdk/upstream/emscripten/cache/sysroot/include/freetype2 -isystem /home/andreas/source_build/emsdk/upstream/emscripten/cache/sysroot/include/harfbuzz -isystem /home/andreas/source_build/emsdk/upstream/emscripten/cache/sysroot/include/SDL2 -DTTF_USE_HARFBUZZ=1 -Xclang -iwithsysroot/include/compat",
    "file": "/home/andreas/code/hobby_cpp/JoD6Em/repo/shared/src/CommonUtils.cpp",
    "output": "CMakeFiles/JourneyOfDreams.dir/home/andreas/code/hobby_cpp/JoD6Em/repo/shared/src/CommonUtils.cpp.o"
  },
  {
    "directory": "/home/andreas/code/hobby_cpp/JoD6Em/repo/client/cmake",
    "command": "/home/andreas/source_build/emsdk/upstream/emscripten/em++  @CMakeFiles/JourneyOfDreams.dir/includes_CXX.rsp -flto=auto -sUSE_SDL=2 -sUSE_SDL_TTF=2 -sUSE_SDL_IMAGE=2 -sUSE_WEBGL2=1 -sSTB_IMAGE -sUSE_GLFW=3 --preload-file /home/andreas/code/hobby_cpp/JoD6Em/repo/client/cmake/../preloaded_files@/ --shell-file /home/andreas/code/hobby_cpp/JoD6Em/repo/client/cmake/../html/shell_minimal.html -std=gnu++20 -Winvalid-pch -Xclang -include-pch -Xclang /home/andreas/code/hobby_cpp/JoD6Em/repo/client/cmake/CMakeFiles/JourneyOfDreams.dir/cmake_pch.hxx.pch -Xclang -include -Xclang /home/andreas/code/hobby_cpp/JoD6Em/repo/client/cmake/CMakeFiles/JourneyOfDreams.dir/cmake_pch.hxx -o CMakeFiles/JourneyOfDreams.dir/home/andreas/code/hobby_cpp/JoD6Em/repo/shared/src/MathLib.cpp.o -c /home/andreas/code/hobby_cpp/JoD6Em/repo/shared/src/MathLib.cpp -target wasm32-unknown-emscripten -fignore-exceptions -mllvm -combiner-global-alias-analysis=false -mllvm -enable-emscripten-sjlj -mllvm -disable-lsr --sysroot=/home/andreas/source_build/emsdk/upstream/emscripten/cache/sysroot -DEMSCRIPTEN -isystem /home/andreas/source_build/emsdk/upstream/emscripten/cache/sysroot/include/freetype2 -isystem /home/andreas/source_build/emsdk/upstream/emscripten/cache/sysroot/include/harfbuzz -isystem /home/andreas/source_build/emsdk/upstream/emscripten/cache/sysroot/include/SDL2 -DTTF_USE_HARFBUZZ=1 -Xclang -iwithsysroot/include/compat",
    "file": "/home/andreas/code/hobby_cpp/JoD6Em/repo/shared/src/MathLib.cpp",
    "output": "CMakeFiles/JourneyOfDreams.dir/home/andreas/code/hobby_cpp/JoD6Em/repo/shared/src/MathLib.cpp.o"
  }
]
