Waiting for compile_commands.json to be created...
File finished in 0.00 seconds: compile_commands.json
before: [
  {
    "directory": "/home/andreas/code/hobby_cpp/JoD6Em/Repository/Client/cmake",
    "command": "/home/andreas/source_build/emsdk/upstream/emscripten/em++  @CMakeFiles/JourneyOfDreams.dir/includes_CXX.rsp -flto=auto -sUSE_SDL=2 -sUSE_SDL_TTF=2 -sUSE_SDL_IMAGE=2 -sUSE_WEBGL2=1 -sSTB_IMAGE -sUSE_GLFW=3 --preload-file /home/andreas/code/hobby_cpp/JoD6Em/Repository/Client/cmake/../preloaded_files@/ --shell-file /home/andreas/code/hobby_cpp/JoD6Em/Repository/Client/cmake/../html/shell_minimal.html -std=gnu++20 -Winvalid-pch -fpch-instantiate-templates -Xclang -emit-pch -Xclang -include -Xclang /home/andreas/code/hobby_cpp/JoD6Em/Repository/Client/cmake/CMakeFiles/JourneyOfDreams.dir/cmake_pch.hxx -x c++-header -o CMakeFiles/JourneyOfDreams.dir/cmake_pch.hxx.pch -c /home/andreas/code/hobby_cpp/JoD6Em/Repository/Client/cmake/CMakeFiles/JourneyOfDreams.dir/cmake_pch.hxx.cxx",
    "file": "/home/andreas/code/hobby_cpp/JoD6Em/Repository/Client/cmake/CMakeFiles/JourneyOfDreams.dir/cmake_pch.hxx.cxx",
    "output": "CMakeFiles/JourneyOfDreams.dir/cmake_pch.hxx.pch"
  },
  {
    "directory": "/home/andreas/code/hobby_cpp/JoD6Em/Repository/Client/cmake",
    "command": "/home/andreas/source_build/emsdk/upstream/emscripten/em++  @CMakeFiles/JourneyOfDreams.dir/includes_CXX.rsp -flto=auto -sUSE_SDL=2 -sUSE_SDL_TTF=2 -sUSE_SDL_IMAGE=2 -sUSE_WEBGL2=1 -sSTB_IMAGE -sUSE_GLFW=3 --preload-file /home/andreas/code/hobby_cpp/JoD6Em/Repository/Client/cmake/../preloaded_files@/ --shell-file /home/andreas/code/hobby_cpp/JoD6Em/Repository/Client/cmake/../html/shell_minimal.html -std=gnu++20 -Winvalid-pch -Xclang -include-pch -Xclang /home/andreas/code/hobby_cpp/JoD6Em/Repository/Client/cmake/CMakeFiles/JourneyOfDreams.dir/cmake_pch.hxx.pch -Xclang -include -Xclang /home/andreas/code/hobby_cpp/JoD6Em/Repository/Client/cmake/CMakeFiles/JourneyOfDreams.dir/cmake_pch.hxx -o CMakeFiles/JourneyOfDreams.dir/home/andreas/code/hobby_cpp/JoD6Em/Repository/Client/ClientSource/ClientCore/Assets/image_bank.cpp.o -c /home/andreas/code/hobby_cpp/JoD6Em/Repository/Client/ClientSource/ClientCore/Assets/image_bank.cpp",
    "file": "/home/andreas/code/hobby_cpp/JoD6Em/Repository/Client/ClientSource/ClientCore/Assets/image_bank.cpp",
    "output": "CMakeFiles/JourneyOfDreams.dir/home/andreas/code/hobby_cpp/JoD6Em/Repository/Client/ClientSource/ClientCore/Assets/image_bank.cpp.o"
  },
  {
    "directory": "/home/andreas/code/hobby_cpp/JoD6Em/Repository/Client/cmake",
    "command": "/home/andreas/source_build/emsdk/upstream/emscripten/em++  @CMakeFiles/JourneyOfDreams.dir/includes_CXX.rsp -flto=auto -sUSE_SDL=2 -sUSE_SDL_TTF=2 -sUSE_SDL_IMAGE=2 -sUSE_WEBGL2=1 -sSTB_IMAGE -sUSE_GLFW=3 --preload-file /home/andreas/code/hobby_cpp/JoD6Em/Repository/Client/cmake/../preloaded_files@/ --shell-file /home/andreas/code/hobby_cpp/JoD6Em/Repository/Client/cmake/../html/shell_minimal.html -std=gnu++20 -Winvalid-pch -Xclang -include-pch -Xclang /home/andreas/code/hobby_cpp/JoD6Em/Repository/Client/cmake/CMakeFiles/JourneyOfDreams.dir/cmake_pch.hxx.pch -Xclang -include -Xclang /home/andreas/code/hobby_cpp/JoD6Em/Repository/Client/cmake/CMakeFiles/JourneyOfDreams.dir/cmake_pch.hxx -o CMakeFiles/JourneyOfDreams.dir/home/andreas/code/hobby_cpp/JoD6Em/Repository/Client/ClientSource/ClientCore/Graphics/Rendering/Images/image_renderer.cpp.o -c /home/andreas/code/hobby_cpp/JoD6Em/Repository/Client/ClientSource/ClientCore/Graphics/Rendering/Images/image_renderer.cpp",
    "file": "/home/andreas/code/hobby_cpp/JoD6Em/Repository/Client/ClientSource/ClientCore/Graphics/Rendering/Images/image_renderer.cpp",
    "output": "CMakeFiles/JourneyOfDreams.dir/home/andreas/code/hobby_cpp/JoD6Em/Repository/Client/ClientSource/ClientCore/Graphics/Rendering/Images/image_renderer.cpp.o"
  },
  {
    "directory": "/home/andreas/code/hobby_cpp/JoD6Em/Repository/Client/cmake",
    "command": "/home/andreas/source_build/emsdk/upstream/emscripten/em++  @CMakeFiles/JourneyOfDreams.dir/includes_CXX.rsp -flto=auto -sUSE_SDL=2 -sUSE_SDL_TTF=2 -sUSE_SDL_IMAGE=2 -sUSE_WEBGL2=1 -sSTB_IMAGE -sUSE_GLFW=3 --preload-file /home/andreas/code/hobby_cpp/JoD6Em/Repository/Client/cmake/../preloaded_files@/ --shell-file /home/andreas/code/hobby_cpp/JoD6Em/Repository/Client/cmake/../html/shell_minimal.html -std=gnu++20 -Winvalid-pch -Xclang -include-pch -Xclang /home/andreas/code/hobby_cpp/JoD6Em/Repository/Client/cmake/CMakeFiles/JourneyOfDreams.dir/cmake_pch.hxx.pch -Xclang -include -Xclang /home/andreas/code/hobby_cpp/JoD6Em/Repository/Client/cmake/CMakeFiles/JourneyOfDreams.dir/cmake_pch.hxx -o CMakeFiles/JourneyOfDreams.dir/home/andreas/code/hobby_cpp/JoD6Em/Repository/Client/ClientSource/ClientCore/Graphics/Rendering/RenderingCore/renderer_base.cpp.o -c /home/andreas/code/hobby_cpp/JoD6Em/Repository/Client/ClientSource/ClientCore/Graphics/Rendering/RenderingCore/renderer_base.cpp",
    "file": "/home/andreas/code/hobby_cpp/JoD6Em/Repository/Client/ClientSource/ClientCore/Graphics/Rendering/RenderingCore/renderer_base.cpp",
    "output": "CMakeFiles/JourneyOfDreams.dir/home/andreas/code/hobby_cpp/JoD6Em/Repository/Client/ClientSource/ClientCore/Graphics/Rendering/RenderingCore/renderer_base.cpp.o"
  },
  {
    "directory": "/home/andreas/code/hobby_cpp/JoD6Em/Repository/Client/cmake",
    "command": "/home/andreas/source_build/emsdk/upstream/emscripten/em++  @CMakeFiles/JourneyOfDreams.dir/includes_CXX.rsp -flto=auto -sUSE_SDL=2 -sUSE_SDL_TTF=2 -sUSE_SDL_IMAGE=2 -sUSE_WEBGL2=1 -sSTB_IMAGE -sUSE_GLFW=3 --preload-file /home/andreas/code/hobby_cpp/JoD6Em/Repository/Client/cmake/../preloaded_files@/ --shell-file /home/andreas/code/hobby_cpp/JoD6Em/Repository/Client/cmake/../html/shell_minimal.html -std=gnu++20 -Winvalid-pch -Xclang -include-pch -Xclang /home/andreas/code/hobby_cpp/JoD6Em/Repository/Client/cmake/CMakeFiles/JourneyOfDreams.dir/cmake_pch.hxx.pch -Xclang -include -Xclang /home/andreas/code/hobby_cpp/JoD6Em/Repository/Client/cmake/CMakeFiles/JourneyOfDreams.dir/cmake_pch.hxx -o CMakeFiles/JourneyOfDreams.dir/home/andreas/code/hobby_cpp/JoD6Em/Repository/Client/ClientSource/ClientCore/Graphics/Rendering/RenderingCore/shader_program.cpp.o -c /home/andreas/code/hobby_cpp/JoD6Em/Repository/Client/ClientSource/ClientCore/Graphics/Rendering/RenderingCore/shader_program.cpp",
    "file": "/home/andreas/code/hobby_cpp/JoD6Em/Repository/Client/ClientSource/ClientCore/Graphics/Rendering/RenderingCore/shader_program.cpp",
    "output": "CMakeFiles/JourneyOfDreams.dir/home/andreas/code/hobby_cpp/JoD6Em/Repository/Client/ClientSource/ClientCore/Graphics/Rendering/RenderingCore/shader_program.cpp.o"
  },
  {
    "directory": "/home/andreas/code/hobby_cpp/JoD6Em/Repository/Client/cmake",
    "command": "/home/andreas/source_build/emsdk/upstream/emscripten/em++  @CMakeFiles/JourneyOfDreams.dir/includes_CXX.rsp -flto=auto -sUSE_SDL=2 -sUSE_SDL_TTF=2 -sUSE_SDL_IMAGE=2 -sUSE_WEBGL2=1 -sSTB_IMAGE -sUSE_GLFW=3 --preload-file /home/andreas/code/hobby_cpp/JoD6Em/Repository/Client/cmake/../preloaded_files@/ --shell-file /home/andreas/code/hobby_cpp/JoD6Em/Repository/Client/cmake/../html/shell_minimal.html -std=gnu++20 -Winvalid-pch -Xclang -include-pch -Xclang /home/andreas/code/hobby_cpp/JoD6Em/Repository/Client/cmake/CMakeFiles/JourneyOfDreams.dir/cmake_pch.hxx.pch -Xclang -include -Xclang /home/andreas/code/hobby_cpp/JoD6Em/Repository/Client/cmake/CMakeFiles/JourneyOfDreams.dir/cmake_pch.hxx -o CMakeFiles/JourneyOfDreams.dir/home/andreas/code/hobby_cpp/JoD6Em/Repository/Client/ClientSource/ClientCore/Graphics/Rendering/Text/font.cpp.o -c /home/andreas/code/hobby_cpp/JoD6Em/Repository/Client/ClientSource/ClientCore/Graphics/Rendering/Text/font.cpp",
    "file": "/home/andreas/code/hobby_cpp/JoD6Em/Repository/Client/ClientSource/ClientCore/Graphics/Rendering/Text/font.cpp",
    "output": "CMakeFiles/JourneyOfDreams.dir/home/andreas/code/hobby_cpp/JoD6Em/Repository/Client/ClientSource/ClientCore/Graphics/Rendering/Text/font.cpp.o"
  },
  {
    "directory": "/home/andreas/code/hobby_cpp/JoD6Em/Repository/Client/cmake",
    "command": "/home/andreas/source_build/emsdk/upstream/emscripten/em++  @CMakeFiles/JourneyOfDreams.dir/includes_CXX.rsp -flto=auto -sUSE_SDL=2 -sUSE_SDL_TTF=2 -sUSE_SDL_IMAGE=2 -sUSE_WEBGL2=1 -sSTB_IMAGE -sUSE_GLFW=3 --preload-file /home/andreas/code/hobby_cpp/JoD6Em/Repository/Client/cmake/../preloaded_files@/ --shell-file /home/andreas/code/hobby_cpp/JoD6Em/Repository/Client/cmake/../html/shell_minimal.html -std=gnu++20 -Winvalid-pch -Xclang -include-pch -Xclang /home/andreas/code/hobby_cpp/JoD6Em/Repository/Client/cmake/CMakeFiles/JourneyOfDreams.dir/cmake_pch.hxx.pch -Xclang -include -Xclang /home/andreas/code/hobby_cpp/JoD6Em/Repository/Client/cmake/CMakeFiles/JourneyOfDreams.dir/cmake_pch.hxx -o CMakeFiles/JourneyOfDreams.dir/home/andreas/code/hobby_cpp/JoD6Em/Repository/Client/ClientSource/ClientCore/Graphics/Rendering/Text/text_renderer.cpp.o -c /home/andreas/code/hobby_cpp/JoD6Em/Repository/Client/ClientSource/ClientCore/Graphics/Rendering/Text/text_renderer.cpp",
    "file": "/home/andreas/code/hobby_cpp/JoD6Em/Repository/Client/ClientSource/ClientCore/Graphics/Rendering/Text/text_renderer.cpp",
    "output": "CMakeFiles/JourneyOfDreams.dir/home/andreas/code/hobby_cpp/JoD6Em/Repository/Client/ClientSource/ClientCore/Graphics/Rendering/Text/text_renderer.cpp.o"
  },
  {
    "directory": "/home/andreas/code/hobby_cpp/JoD6Em/Repository/Client/cmake",
    "command": "/home/andreas/source_build/emsdk/upstream/emscripten/em++  @CMakeFiles/JourneyOfDreams.dir/includes_CXX.rsp -flto=auto -sUSE_SDL=2 -sUSE_SDL_TTF=2 -sUSE_SDL_IMAGE=2 -sUSE_WEBGL2=1 -sSTB_IMAGE -sUSE_GLFW=3 --preload-file /home/andreas/code/hobby_cpp/JoD6Em/Repository/Client/cmake/../preloaded_files@/ --shell-file /home/andreas/code/hobby_cpp/JoD6Em/Repository/Client/cmake/../html/shell_minimal.html -std=gnu++20 -Winvalid-pch -Xclang -include-pch -Xclang /home/andreas/code/hobby_cpp/JoD6Em/Repository/Client/cmake/CMakeFiles/JourneyOfDreams.dir/cmake_pch.hxx.pch -Xclang -include -Xclang /home/andreas/code/hobby_cpp/JoD6Em/Repository/Client/cmake/CMakeFiles/JourneyOfDreams.dir/cmake_pch.hxx -o CMakeFiles/JourneyOfDreams.dir/home/andreas/code/hobby_cpp/JoD6Em/Repository/Client/ClientSource/ClientCore/Graphics/graphics.cpp.o -c /home/andreas/code/hobby_cpp/JoD6Em/Repository/Client/ClientSource/ClientCore/Graphics/graphics.cpp",
    "file": "/home/andreas/code/hobby_cpp/JoD6Em/Repository/Client/ClientSource/ClientCore/Graphics/graphics.cpp",
    "output": "CMakeFiles/JourneyOfDreams.dir/home/andreas/code/hobby_cpp/JoD6Em/Repository/Client/ClientSource/ClientCore/Graphics/graphics.cpp.o"
  },
  {
    "directory": "/home/andreas/code/hobby_cpp/JoD6Em/Repository/Client/cmake",
    "command": "/home/andreas/source_build/emsdk/upstream/emscripten/em++  @CMakeFiles/JourneyOfDreams.dir/includes_CXX.rsp -flto=auto -sUSE_SDL=2 -sUSE_SDL_TTF=2 -sUSE_SDL_IMAGE=2 -sUSE_WEBGL2=1 -sSTB_IMAGE -sUSE_GLFW=3 --preload-file /home/andreas/code/hobby_cpp/JoD6Em/Repository/Client/cmake/../preloaded_files@/ --shell-file /home/andreas/code/hobby_cpp/JoD6Em/Repository/Client/cmake/../html/shell_minimal.html -std=gnu++20 -Winvalid-pch -Xclang -include-pch -Xclang /home/andreas/code/hobby_cpp/JoD6Em/Repository/Client/cmake/CMakeFiles/JourneyOfDreams.dir/cmake_pch.hxx.pch -Xclang -include -Xclang /home/andreas/code/hobby_cpp/JoD6Em/Repository/Client/cmake/CMakeFiles/JourneyOfDreams.dir/cmake_pch.hxx -o CMakeFiles/JourneyOfDreams.dir/home/andreas/code/hobby_cpp/JoD6Em/Repository/Client/ClientSource/ClientCore/Input/setup_callbacks.cpp.o -c /home/andreas/code/hobby_cpp/JoD6Em/Repository/Client/ClientSource/ClientCore/Input/setup_callbacks.cpp",
    "file": "/home/andreas/code/hobby_cpp/JoD6Em/Repository/Client/ClientSource/ClientCore/Input/setup_callbacks.cpp",
    "output": "CMakeFiles/JourneyOfDreams.dir/home/andreas/code/hobby_cpp/JoD6Em/Repository/Client/ClientSource/ClientCore/Input/setup_callbacks.cpp.o"
  },
  {
    "directory": "/home/andreas/code/hobby_cpp/JoD6Em/Repository/Client/cmake",
    "command": "/home/andreas/source_build/emsdk/upstream/emscripten/em++  @CMakeFiles/JourneyOfDreams.dir/includes_CXX.rsp -flto=auto -sUSE_SDL=2 -sUSE_SDL_TTF=2 -sUSE_SDL_IMAGE=2 -sUSE_WEBGL2=1 -sSTB_IMAGE -sUSE_GLFW=3 --preload-file /home/andreas/code/hobby_cpp/JoD6Em/Repository/Client/cmake/../preloaded_files@/ --shell-file /home/andreas/code/hobby_cpp/JoD6Em/Repository/Client/cmake/../html/shell_minimal.html -std=gnu++20 -Winvalid-pch -Xclang -include-pch -Xclang /home/andreas/code/hobby_cpp/JoD6Em/Repository/Client/cmake/CMakeFiles/JourneyOfDreams.dir/cmake_pch.hxx.pch -Xclang -include -Xclang /home/andreas/code/hobby_cpp/JoD6Em/Repository/Client/cmake/CMakeFiles/JourneyOfDreams.dir/cmake_pch.hxx -o CMakeFiles/JourneyOfDreams.dir/home/andreas/code/hobby_cpp/JoD6Em/Repository/Client/ClientSource/ClientCore/Instructions/render_instructions_manager.cpp.o -c /home/andreas/code/hobby_cpp/JoD6Em/Repository/Client/ClientSource/ClientCore/Instructions/render_instructions_manager.cpp",
    "file": "/home/andreas/code/hobby_cpp/JoD6Em/Repository/Client/ClientSource/ClientCore/Instructions/render_instructions_manager.cpp",
    "output": "CMakeFiles/JourneyOfDreams.dir/home/andreas/code/hobby_cpp/JoD6Em/Repository/Client/ClientSource/ClientCore/Instructions/render_instructions_manager.cpp.o"
  },
  {
    "directory": "/home/andreas/code/hobby_cpp/JoD6Em/Repository/Client/cmake",
    "command": "/home/andreas/source_build/emsdk/upstream/emscripten/em++  @CMakeFiles/JourneyOfDreams.dir/includes_CXX.rsp -flto=auto -sUSE_SDL=2 -sUSE_SDL_TTF=2 -sUSE_SDL_IMAGE=2 -sUSE_WEBGL2=1 -sSTB_IMAGE -sUSE_GLFW=3 --preload-file /home/andreas/code/hobby_cpp/JoD6Em/Repository/Client/cmake/../preloaded_files@/ --shell-file /home/andreas/code/hobby_cpp/JoD6Em/Repository/Client/cmake/../html/shell_minimal.html -std=gnu++20 -Winvalid-pch -Xclang -include-pch -Xclang /home/andreas/code/hobby_cpp/JoD6Em/Repository/Client/cmake/CMakeFiles/JourneyOfDreams.dir/cmake_pch.hxx.pch -Xclang -include -Xclang /home/andreas/code/hobby_cpp/JoD6Em/Repository/Client/cmake/CMakeFiles/JourneyOfDreams.dir/cmake_pch.hxx -o CMakeFiles/JourneyOfDreams.dir/home/andreas/code/hobby_cpp/JoD6Em/Repository/Client/ClientSource/ClientCore/Net/web_socket_server_connection.cpp.o -c /home/andreas/code/hobby_cpp/JoD6Em/Repository/Client/ClientSource/ClientCore/Net/web_socket_server_connection.cpp",
    "file": "/home/andreas/code/hobby_cpp/JoD6Em/Repository/Client/ClientSource/ClientCore/Net/web_socket_server_connection.cpp",
    "output": "CMakeFiles/JourneyOfDreams.dir/home/andreas/code/hobby_cpp/JoD6Em/Repository/Client/ClientSource/ClientCore/Net/web_socket_server_connection.cpp.o"
  },
  {
    "directory": "/home/andreas/code/hobby_cpp/JoD6Em/Repository/Client/cmake",
    "command": "/home/andreas/source_build/emsdk/upstream/emscripten/em++  @CMakeFiles/JourneyOfDreams.dir/includes_CXX.rsp -flto=auto -sUSE_SDL=2 -sUSE_SDL_TTF=2 -sUSE_SDL_IMAGE=2 -sUSE_WEBGL2=1 -sSTB_IMAGE -sUSE_GLFW=3 --preload-file /home/andreas/code/hobby_cpp/JoD6Em/Repository/Client/cmake/../preloaded_files@/ --shell-file /home/andreas/code/hobby_cpp/JoD6Em/Repository/Client/cmake/../html/shell_minimal.html -std=gnu++20 -Winvalid-pch -Xclang -include-pch -Xclang /home/andreas/code/hobby_cpp/JoD6Em/Repository/Client/cmake/CMakeFiles/JourneyOfDreams.dir/cmake_pch.hxx.pch -Xclang -include -Xclang /home/andreas/code/hobby_cpp/JoD6Em/Repository/Client/cmake/CMakeFiles/JourneyOfDreams.dir/cmake_pch.hxx -o CMakeFiles/JourneyOfDreams.dir/home/andreas/code/hobby_cpp/JoD6Em/Repository/Client/ClientSource/ClientCore/Utilities/fps_counter.cpp.o -c /home/andreas/code/hobby_cpp/JoD6Em/Repository/Client/ClientSource/ClientCore/Utilities/fps_counter.cpp",
    "file": "/home/andreas/code/hobby_cpp/JoD6Em/Repository/Client/ClientSource/ClientCore/Utilities/fps_counter.cpp",
    "output": "CMakeFiles/JourneyOfDreams.dir/home/andreas/code/hobby_cpp/JoD6Em/Repository/Client/ClientSource/ClientCore/Utilities/fps_counter.cpp.o"
  },
  {
    "directory": "/home/andreas/code/hobby_cpp/JoD6Em/Repository/Client/cmake",
    "command": "/home/andreas/source_build/emsdk/upstream/emscripten/em++  @CMakeFiles/JourneyOfDreams.dir/includes_CXX.rsp -flto=auto -sUSE_SDL=2 -sUSE_SDL_TTF=2 -sUSE_SDL_IMAGE=2 -sUSE_WEBGL2=1 -sSTB_IMAGE -sUSE_GLFW=3 --preload-file /home/andreas/code/hobby_cpp/JoD6Em/Repository/Client/cmake/../preloaded_files@/ --shell-file /home/andreas/code/hobby_cpp/JoD6Em/Repository/Client/cmake/../html/shell_minimal.html -std=gnu++20 -Winvalid-pch -Xclang -include-pch -Xclang /home/andreas/code/hobby_cpp/JoD6Em/Repository/Client/cmake/CMakeFiles/JourneyOfDreams.dir/cmake_pch.hxx.pch -Xclang -include -Xclang /home/andreas/code/hobby_cpp/JoD6Em/Repository/Client/cmake/CMakeFiles/JourneyOfDreams.dir/cmake_pch.hxx -o CMakeFiles/JourneyOfDreams.dir/home/andreas/code/hobby_cpp/JoD6Em/Repository/Client/ClientSource/ClientCore/client_engine.cpp.o -c /home/andreas/code/hobby_cpp/JoD6Em/Repository/Client/ClientSource/ClientCore/client_engine.cpp",
    "file": "/home/andreas/code/hobby_cpp/JoD6Em/Repository/Client/ClientSource/ClientCore/client_engine.cpp",
    "output": "CMakeFiles/JourneyOfDreams.dir/home/andreas/code/hobby_cpp/JoD6Em/Repository/Client/ClientSource/ClientCore/client_engine.cpp.o"
  },
  {
    "directory": "/home/andreas/code/hobby_cpp/JoD6Em/Repository/Client/cmake",
    "command": "/home/andreas/source_build/emsdk/upstream/emscripten/em++  @CMakeFiles/JourneyOfDreams.dir/includes_CXX.rsp -flto=auto -sUSE_SDL=2 -sUSE_SDL_TTF=2 -sUSE_SDL_IMAGE=2 -sUSE_WEBGL2=1 -sSTB_IMAGE -sUSE_GLFW=3 --preload-file /home/andreas/code/hobby_cpp/JoD6Em/Repository/Client/cmake/../preloaded_files@/ --shell-file /home/andreas/code/hobby_cpp/JoD6Em/Repository/Client/cmake/../html/shell_minimal.html -std=gnu++20 -Winvalid-pch -Xclang -include-pch -Xclang /home/andreas/code/hobby_cpp/JoD6Em/Repository/Client/cmake/CMakeFiles/JourneyOfDreams.dir/cmake_pch.hxx.pch -Xclang -include -Xclang /home/andreas/code/hobby_cpp/JoD6Em/Repository/Client/cmake/CMakeFiles/JourneyOfDreams.dir/cmake_pch.hxx -o CMakeFiles/JourneyOfDreams.dir/home/andreas/code/hobby_cpp/JoD6Em/Repository/Client/ClientSource/ClientCore/run_new_client_instance.cpp.o -c /home/andreas/code/hobby_cpp/JoD6Em/Repository/Client/ClientSource/ClientCore/run_new_client_instance.cpp",
    "file": "/home/andreas/code/hobby_cpp/JoD6Em/Repository/Client/ClientSource/ClientCore/run_new_client_instance.cpp",
    "output": "CMakeFiles/JourneyOfDreams.dir/home/andreas/code/hobby_cpp/JoD6Em/Repository/Client/ClientSource/ClientCore/run_new_client_instance.cpp.o"
  },
  {
    "directory": "/home/andreas/code/hobby_cpp/JoD6Em/Repository/Client/cmake",
    "command": "/home/andreas/source_build/emsdk/upstream/emscripten/em++  @CMakeFiles/JourneyOfDreams.dir/includes_CXX.rsp -flto=auto -sUSE_SDL=2 -sUSE_SDL_TTF=2 -sUSE_SDL_IMAGE=2 -sUSE_WEBGL2=1 -sSTB_IMAGE -sUSE_GLFW=3 --preload-file /home/andreas/code/hobby_cpp/JoD6Em/Repository/Client/cmake/../preloaded_files@/ --shell-file /home/andreas/code/hobby_cpp/JoD6Em/Repository/Client/cmake/../html/shell_minimal.html -std=gnu++20 -Winvalid-pch -Xclang -include-pch -Xclang /home/andreas/code/hobby_cpp/JoD6Em/Repository/Client/cmake/CMakeFiles/JourneyOfDreams.dir/cmake_pch.hxx.pch -Xclang -include -Xclang /home/andreas/code/hobby_cpp/JoD6Em/Repository/Client/cmake/CMakeFiles/JourneyOfDreams.dir/cmake_pch.hxx -o CMakeFiles/JourneyOfDreams.dir/home/andreas/code/hobby_cpp/JoD6Em/Repository/Client/ClientSource/Common/canvas_utilities.cpp.o -c /home/andreas/code/hobby_cpp/JoD6Em/Repository/Client/ClientSource/Common/canvas_utilities.cpp",
    "file": "/home/andreas/code/hobby_cpp/JoD6Em/Repository/Client/ClientSource/Common/canvas_utilities.cpp",
    "output": "CMakeFiles/JourneyOfDreams.dir/home/andreas/code/hobby_cpp/JoD6Em/Repository/Client/ClientSource/Common/canvas_utilities.cpp.o"
  },
  {
    "directory": "/home/andreas/code/hobby_cpp/JoD6Em/Repository/Client/cmake",
    "command": "/home/andreas/source_build/emsdk/upstream/emscripten/em++  @CMakeFiles/JourneyOfDreams.dir/includes_CXX.rsp -flto=auto -sUSE_SDL=2 -sUSE_SDL_TTF=2 -sUSE_SDL_IMAGE=2 -sUSE_WEBGL2=1 -sSTB_IMAGE -sUSE_GLFW=3 --preload-file /home/andreas/code/hobby_cpp/JoD6Em/Repository/Client/cmake/../preloaded_files@/ --shell-file /home/andreas/code/hobby_cpp/JoD6Em/Repository/Client/cmake/../html/shell_minimal.html -std=gnu++20 -Winvalid-pch -Xclang -include-pch -Xclang /home/andreas/code/hobby_cpp/JoD6Em/Repository/Client/cmake/CMakeFiles/JourneyOfDreams.dir/cmake_pch.hxx.pch -Xclang -include -Xclang /home/andreas/code/hobby_cpp/JoD6Em/Repository/Client/cmake/CMakeFiles/JourneyOfDreams.dir/cmake_pch.hxx -o CMakeFiles/JourneyOfDreams.dir/home/andreas/code/hobby_cpp/JoD6Em/Repository/Client/ClientSource/Common/file_utilities.cpp.o -c /home/andreas/code/hobby_cpp/JoD6Em/Repository/Client/ClientSource/Common/file_utilities.cpp",
    "file": "/home/andreas/code/hobby_cpp/JoD6Em/Repository/Client/ClientSource/Common/file_utilities.cpp",
    "output": "CMakeFiles/JourneyOfDreams.dir/home/andreas/code/hobby_cpp/JoD6Em/Repository/Client/ClientSource/Common/file_utilities.cpp.o"
  },
  {
    "directory": "/home/andreas/code/hobby_cpp/JoD6Em/Repository/Client/cmake",
    "command": "/home/andreas/source_build/emsdk/upstream/emscripten/em++  @CMakeFiles/JourneyOfDreams.dir/includes_CXX.rsp -flto=auto -sUSE_SDL=2 -sUSE_SDL_TTF=2 -sUSE_SDL_IMAGE=2 -sUSE_WEBGL2=1 -sSTB_IMAGE -sUSE_GLFW=3 --preload-file /home/andreas/code/hobby_cpp/JoD6Em/Repository/Client/cmake/../preloaded_files@/ --shell-file /home/andreas/code/hobby_cpp/JoD6Em/Repository/Client/cmake/../html/shell_minimal.html -std=gnu++20 -Winvalid-pch -Xclang -include-pch -Xclang /home/andreas/code/hobby_cpp/JoD6Em/Repository/Client/cmake/CMakeFiles/JourneyOfDreams.dir/cmake_pch.hxx.pch -Xclang -include -Xclang /home/andreas/code/hobby_cpp/JoD6Em/Repository/Client/cmake/CMakeFiles/JourneyOfDreams.dir/cmake_pch.hxx -o CMakeFiles/JourneyOfDreams.dir/home/andreas/code/hobby_cpp/JoD6Em/Repository/Client/ClientSource/Common/mouse_utilities.cpp.o -c /home/andreas/code/hobby_cpp/JoD6Em/Repository/Client/ClientSource/Common/mouse_utilities.cpp",
    "file": "/home/andreas/code/hobby_cpp/JoD6Em/Repository/Client/ClientSource/Common/mouse_utilities.cpp",
    "output": "CMakeFiles/JourneyOfDreams.dir/home/andreas/code/hobby_cpp/JoD6Em/Repository/Client/ClientSource/Common/mouse_utilities.cpp.o"
  },
  {
    "directory": "/home/andreas/code/hobby_cpp/JoD6Em/Repository/Client/cmake",
    "command": "/home/andreas/source_build/emsdk/upstream/emscripten/em++  @CMakeFiles/JourneyOfDreams.dir/includes_CXX.rsp -flto=auto -sUSE_SDL=2 -sUSE_SDL_TTF=2 -sUSE_SDL_IMAGE=2 -sUSE_WEBGL2=1 -sSTB_IMAGE -sUSE_GLFW=3 --preload-file /home/andreas/code/hobby_cpp/JoD6Em/Repository/Client/cmake/../preloaded_files@/ --shell-file /home/andreas/code/hobby_cpp/JoD6Em/Repository/Client/cmake/../html/shell_minimal.html -std=gnu++20 -Winvalid-pch -Xclang -include-pch -Xclang /home/andreas/code/hobby_cpp/JoD6Em/Repository/Client/cmake/CMakeFiles/JourneyOfDreams.dir/cmake_pch.hxx.pch -Xclang -include -Xclang /home/andreas/code/hobby_cpp/JoD6Em/Repository/Client/cmake/CMakeFiles/JourneyOfDreams.dir/cmake_pch.hxx -o CMakeFiles/JourneyOfDreams.dir/home/andreas/code/hobby_cpp/JoD6Em/Repository/Client/ClientSource/Common/sdl_deleter.cpp.o -c /home/andreas/code/hobby_cpp/JoD6Em/Repository/Client/ClientSource/Common/sdl_deleter.cpp",
    "file": "/home/andreas/code/hobby_cpp/JoD6Em/Repository/Client/ClientSource/Common/sdl_deleter.cpp",
    "output": "CMakeFiles/JourneyOfDreams.dir/home/andreas/code/hobby_cpp/JoD6Em/Repository/Client/ClientSource/Common/sdl_deleter.cpp.o"
  },
  {
    "directory": "/home/andreas/code/hobby_cpp/JoD6Em/Repository/Client/cmake",
    "command": "/home/andreas/source_build/emsdk/upstream/emscripten/em++  @CMakeFiles/JourneyOfDreams.dir/includes_CXX.rsp -flto=auto -sUSE_SDL=2 -sUSE_SDL_TTF=2 -sUSE_SDL_IMAGE=2 -sUSE_WEBGL2=1 -sSTB_IMAGE -sUSE_GLFW=3 --preload-file /home/andreas/code/hobby_cpp/JoD6Em/Repository/Client/cmake/../preloaded_files@/ --shell-file /home/andreas/code/hobby_cpp/JoD6Em/Repository/Client/cmake/../html/shell_minimal.html -std=gnu++20 -Winvalid-pch -Xclang -include-pch -Xclang /home/andreas/code/hobby_cpp/JoD6Em/Repository/Client/cmake/CMakeFiles/JourneyOfDreams.dir/cmake_pch.hxx.pch -Xclang -include -Xclang /home/andreas/code/hobby_cpp/JoD6Em/Repository/Client/cmake/CMakeFiles/JourneyOfDreams.dir/cmake_pch.hxx -o CMakeFiles/JourneyOfDreams.dir/home/andreas/code/hobby_cpp/JoD6Em/Repository/Client/ClientSource/main.cpp.o -c /home/andreas/code/hobby_cpp/JoD6Em/Repository/Client/ClientSource/main.cpp",
    "file": "/home/andreas/code/hobby_cpp/JoD6Em/Repository/Client/ClientSource/main.cpp",
    "output": "CMakeFiles/JourneyOfDreams.dir/home/andreas/code/hobby_cpp/JoD6Em/Repository/Client/ClientSource/main.cpp.o"
  },
  {
    "directory": "/home/andreas/code/hobby_cpp/JoD6Em/Repository/Client/cmake",
    "command": "/home/andreas/source_build/emsdk/upstream/emscripten/em++  @CMakeFiles/JourneyOfDreams.dir/includes_CXX.rsp -flto=auto -sUSE_SDL=2 -sUSE_SDL_TTF=2 -sUSE_SDL_IMAGE=2 -sUSE_WEBGL2=1 -sSTB_IMAGE -sUSE_GLFW=3 --preload-file /home/andreas/code/hobby_cpp/JoD6Em/Repository/Client/cmake/../preloaded_files@/ --shell-file /home/andreas/code/hobby_cpp/JoD6Em/Repository/Client/cmake/../html/shell_minimal.html -std=gnu++20 -Winvalid-pch -Xclang -include-pch -Xclang /home/andreas/code/hobby_cpp/JoD6Em/Repository/Client/cmake/CMakeFiles/JourneyOfDreams.dir/cmake_pch.hxx.pch -Xclang -include -Xclang /home/andreas/code/hobby_cpp/JoD6Em/Repository/Client/cmake/CMakeFiles/JourneyOfDreams.dir/cmake_pch.hxx -o CMakeFiles/JourneyOfDreams.dir/home/andreas/code/hobby_cpp/JoD6Em/Repository/Shared/SharedSource/common_utils.cpp.o -c /home/andreas/code/hobby_cpp/JoD6Em/Repository/Shared/SharedSource/common_utils.cpp",
    "file": "/home/andreas/code/hobby_cpp/JoD6Em/Repository/Shared/SharedSource/common_utils.cpp",
    "output": "CMakeFiles/JourneyOfDreams.dir/home/andreas/code/hobby_cpp/JoD6Em/Repository/Shared/SharedSource/common_utils.cpp.o"
  },
  {
    "directory": "/home/andreas/code/hobby_cpp/JoD6Em/Repository/Client/cmake",
    "command": "/home/andreas/source_build/emsdk/upstream/emscripten/em++  @CMakeFiles/JourneyOfDreams.dir/includes_CXX.rsp -flto=auto -sUSE_SDL=2 -sUSE_SDL_TTF=2 -sUSE_SDL_IMAGE=2 -sUSE_WEBGL2=1 -sSTB_IMAGE -sUSE_GLFW=3 --preload-file /home/andreas/code/hobby_cpp/JoD6Em/Repository/Client/cmake/../preloaded_files@/ --shell-file /home/andreas/code/hobby_cpp/JoD6Em/Repository/Client/cmake/../html/shell_minimal.html -std=gnu++20 -Winvalid-pch -Xclang -include-pch -Xclang /home/andreas/code/hobby_cpp/JoD6Em/Repository/Client/cmake/CMakeFiles/JourneyOfDreams.dir/cmake_pch.hxx.pch -Xclang -include -Xclang /home/andreas/code/hobby_cpp/JoD6Em/Repository/Client/cmake/CMakeFiles/JourneyOfDreams.dir/cmake_pch.hxx -o CMakeFiles/JourneyOfDreams.dir/home/andreas/code/hobby_cpp/JoD6Em/Repository/Shared/SharedSource/math_lib.cpp.o -c /home/andreas/code/hobby_cpp/JoD6Em/Repository/Shared/SharedSource/math_lib.cpp",
    "file": "/home/andreas/code/hobby_cpp/JoD6Em/Repository/Shared/SharedSource/math_lib.cpp",
    "output": "CMakeFiles/JourneyOfDreams.dir/home/andreas/code/hobby_cpp/JoD6Em/Repository/Shared/SharedSource/math_lib.cpp.o"
  }
]
after: [
  {
    "directory": "/home/andreas/code/hobby_cpp/JoD6Em/Repository/Client/cmake",
    "command": "/home/andreas/source_build/emsdk/upstream/emscripten/em++  @CMakeFiles/JourneyOfDreams.dir/includes_CXX.rsp -flto=auto -sUSE_SDL=2 -sUSE_SDL_TTF=2 -sUSE_SDL_IMAGE=2 -sUSE_WEBGL2=1 -sSTB_IMAGE -sUSE_GLFW=3 --preload-file /home/andreas/code/hobby_cpp/JoD6Em/Repository/Client/cmake/../preloaded_files@/ --shell-file /home/andreas/code/hobby_cpp/JoD6Em/Repository/Client/cmake/../html/shell_minimal.html -std=gnu++20 -Winvalid-pch -fpch-instantiate-templates -Xclang -emit-pch -Xclang -include -Xclang /home/andreas/code/hobby_cpp/JoD6Em/Repository/Client/cmake/CMakeFiles/JourneyOfDreams.dir/cmake_pch.hxx -x c++-header -o CMakeFiles/JourneyOfDreams.dir/cmake_pch.hxx.pch -c /home/andreas/code/hobby_cpp/JoD6Em/Repository/Client/cmake/CMakeFiles/JourneyOfDreams.dir/cmake_pch.hxx.cxx -target wasm32-unknown-emscripten -fignore-exceptions -mllvm -combiner-global-alias-analysis=false -mllvm -enable-emscripten-sjlj -mllvm -disable-lsr --sysroot=/home/andreas/source_build/emsdk/upstream/emscripten/cache/sysroot -DEMSCRIPTEN -isystem /home/andreas/source_build/emsdk/upstream/emscripten/cache/sysroot/include/freetype2 -isystem /home/andreas/source_build/emsdk/upstream/emscripten/cache/sysroot/include/harfbuzz -isystem /home/andreas/source_build/emsdk/upstream/emscripten/cache/sysroot/include/SDL2 -DTTF_USE_HARFBUZZ=1 -Xclang -iwithsysroot/include/compat",
    "file": "/home/andreas/code/hobby_cpp/JoD6Em/Repository/Client/cmake/CMakeFiles/JourneyOfDreams.dir/cmake_pch.hxx.cxx",
    "output": "CMakeFiles/JourneyOfDreams.dir/cmake_pch.hxx.pch"
  },
  {
    "directory": "/home/andreas/code/hobby_cpp/JoD6Em/Repository/Client/cmake",
    "command": "/home/andreas/source_build/emsdk/upstream/emscripten/em++  @CMakeFiles/JourneyOfDreams.dir/includes_CXX.rsp -flto=auto -sUSE_SDL=2 -sUSE_SDL_TTF=2 -sUSE_SDL_IMAGE=2 -sUSE_WEBGL2=1 -sSTB_IMAGE -sUSE_GLFW=3 --preload-file /home/andreas/code/hobby_cpp/JoD6Em/Repository/Client/cmake/../preloaded_files@/ --shell-file /home/andreas/code/hobby_cpp/JoD6Em/Repository/Client/cmake/../html/shell_minimal.html -std=gnu++20 -Winvalid-pch -Xclang -include-pch -Xclang /home/andreas/code/hobby_cpp/JoD6Em/Repository/Client/cmake/CMakeFiles/JourneyOfDreams.dir/cmake_pch.hxx.pch -Xclang -include -Xclang /home/andreas/code/hobby_cpp/JoD6Em/Repository/Client/cmake/CMakeFiles/JourneyOfDreams.dir/cmake_pch.hxx -o CMakeFiles/JourneyOfDreams.dir/home/andreas/code/hobby_cpp/JoD6Em/Repository/Client/ClientSource/ClientCore/Assets/image_bank.cpp.o -c /home/andreas/code/hobby_cpp/JoD6Em/Repository/Client/ClientSource/ClientCore/Assets/image_bank.cpp -target wasm32-unknown-emscripten -fignore-exceptions -mllvm -combiner-global-alias-analysis=false -mllvm -enable-emscripten-sjlj -mllvm -disable-lsr --sysroot=/home/andreas/source_build/emsdk/upstream/emscripten/cache/sysroot -DEMSCRIPTEN -isystem /home/andreas/source_build/emsdk/upstream/emscripten/cache/sysroot/include/freetype2 -isystem /home/andreas/source_build/emsdk/upstream/emscripten/cache/sysroot/include/harfbuzz -isystem /home/andreas/source_build/emsdk/upstream/emscripten/cache/sysroot/include/SDL2 -DTTF_USE_HARFBUZZ=1 -Xclang -iwithsysroot/include/compat",
    "file": "/home/andreas/code/hobby_cpp/JoD6Em/Repository/Client/ClientSource/ClientCore/Assets/image_bank.cpp",
    "output": "CMakeFiles/JourneyOfDreams.dir/home/andreas/code/hobby_cpp/JoD6Em/Repository/Client/ClientSource/ClientCore/Assets/image_bank.cpp.o"
  },
  {
    "directory": "/home/andreas/code/hobby_cpp/JoD6Em/Repository/Client/cmake",
    "command": "/home/andreas/source_build/emsdk/upstream/emscripten/em++  @CMakeFiles/JourneyOfDreams.dir/includes_CXX.rsp -flto=auto -sUSE_SDL=2 -sUSE_SDL_TTF=2 -sUSE_SDL_IMAGE=2 -sUSE_WEBGL2=1 -sSTB_IMAGE -sUSE_GLFW=3 --preload-file /home/andreas/code/hobby_cpp/JoD6Em/Repository/Client/cmake/../preloaded_files@/ --shell-file /home/andreas/code/hobby_cpp/JoD6Em/Repository/Client/cmake/../html/shell_minimal.html -std=gnu++20 -Winvalid-pch -Xclang -include-pch -Xclang /home/andreas/code/hobby_cpp/JoD6Em/Repository/Client/cmake/CMakeFiles/JourneyOfDreams.dir/cmake_pch.hxx.pch -Xclang -include -Xclang /home/andreas/code/hobby_cpp/JoD6Em/Repository/Client/cmake/CMakeFiles/JourneyOfDreams.dir/cmake_pch.hxx -o CMakeFiles/JourneyOfDreams.dir/home/andreas/code/hobby_cpp/JoD6Em/Repository/Client/ClientSource/ClientCore/Graphics/Rendering/Images/image_renderer.cpp.o -c /home/andreas/code/hobby_cpp/JoD6Em/Repository/Client/ClientSource/ClientCore/Graphics/Rendering/Images/image_renderer.cpp -target wasm32-unknown-emscripten -fignore-exceptions -mllvm -combiner-global-alias-analysis=false -mllvm -enable-emscripten-sjlj -mllvm -disable-lsr --sysroot=/home/andreas/source_build/emsdk/upstream/emscripten/cache/sysroot -DEMSCRIPTEN -isystem /home/andreas/source_build/emsdk/upstream/emscripten/cache/sysroot/include/freetype2 -isystem /home/andreas/source_build/emsdk/upstream/emscripten/cache/sysroot/include/harfbuzz -isystem /home/andreas/source_build/emsdk/upstream/emscripten/cache/sysroot/include/SDL2 -DTTF_USE_HARFBUZZ=1 -Xclang -iwithsysroot/include/compat",
    "file": "/home/andreas/code/hobby_cpp/JoD6Em/Repository/Client/ClientSource/ClientCore/Graphics/Rendering/Images/image_renderer.cpp",
    "output": "CMakeFiles/JourneyOfDreams.dir/home/andreas/code/hobby_cpp/JoD6Em/Repository/Client/ClientSource/ClientCore/Graphics/Rendering/Images/image_renderer.cpp.o"
  },
  {
    "directory": "/home/andreas/code/hobby_cpp/JoD6Em/Repository/Client/cmake",
    "command": "/home/andreas/source_build/emsdk/upstream/emscripten/em++  @CMakeFiles/JourneyOfDreams.dir/includes_CXX.rsp -flto=auto -sUSE_SDL=2 -sUSE_SDL_TTF=2 -sUSE_SDL_IMAGE=2 -sUSE_WEBGL2=1 -sSTB_IMAGE -sUSE_GLFW=3 --preload-file /home/andreas/code/hobby_cpp/JoD6Em/Repository/Client/cmake/../preloaded_files@/ --shell-file /home/andreas/code/hobby_cpp/JoD6Em/Repository/Client/cmake/../html/shell_minimal.html -std=gnu++20 -Winvalid-pch -Xclang -include-pch -Xclang /home/andreas/code/hobby_cpp/JoD6Em/Repository/Client/cmake/CMakeFiles/JourneyOfDreams.dir/cmake_pch.hxx.pch -Xclang -include -Xclang /home/andreas/code/hobby_cpp/JoD6Em/Repository/Client/cmake/CMakeFiles/JourneyOfDreams.dir/cmake_pch.hxx -o CMakeFiles/JourneyOfDreams.dir/home/andreas/code/hobby_cpp/JoD6Em/Repository/Client/ClientSource/ClientCore/Graphics/Rendering/RenderingCore/renderer_base.cpp.o -c /home/andreas/code/hobby_cpp/JoD6Em/Repository/Client/ClientSource/ClientCore/Graphics/Rendering/RenderingCore/renderer_base.cpp -target wasm32-unknown-emscripten -fignore-exceptions -mllvm -combiner-global-alias-analysis=false -mllvm -enable-emscripten-sjlj -mllvm -disable-lsr --sysroot=/home/andreas/source_build/emsdk/upstream/emscripten/cache/sysroot -DEMSCRIPTEN -isystem /home/andreas/source_build/emsdk/upstream/emscripten/cache/sysroot/include/freetype2 -isystem /home/andreas/source_build/emsdk/upstream/emscripten/cache/sysroot/include/harfbuzz -isystem /home/andreas/source_build/emsdk/upstream/emscripten/cache/sysroot/include/SDL2 -DTTF_USE_HARFBUZZ=1 -Xclang -iwithsysroot/include/compat",
    "file": "/home/andreas/code/hobby_cpp/JoD6Em/Repository/Client/ClientSource/ClientCore/Graphics/Rendering/RenderingCore/renderer_base.cpp",
    "output": "CMakeFiles/JourneyOfDreams.dir/home/andreas/code/hobby_cpp/JoD6Em/Repository/Client/ClientSource/ClientCore/Graphics/Rendering/RenderingCore/renderer_base.cpp.o"
  },
  {
    "directory": "/home/andreas/code/hobby_cpp/JoD6Em/Repository/Client/cmake",
    "command": "/home/andreas/source_build/emsdk/upstream/emscripten/em++  @CMakeFiles/JourneyOfDreams.dir/includes_CXX.rsp -flto=auto -sUSE_SDL=2 -sUSE_SDL_TTF=2 -sUSE_SDL_IMAGE=2 -sUSE_WEBGL2=1 -sSTB_IMAGE -sUSE_GLFW=3 --preload-file /home/andreas/code/hobby_cpp/JoD6Em/Repository/Client/cmake/../preloaded_files@/ --shell-file /home/andreas/code/hobby_cpp/JoD6Em/Repository/Client/cmake/../html/shell_minimal.html -std=gnu++20 -Winvalid-pch -Xclang -include-pch -Xclang /home/andreas/code/hobby_cpp/JoD6Em/Repository/Client/cmake/CMakeFiles/JourneyOfDreams.dir/cmake_pch.hxx.pch -Xclang -include -Xclang /home/andreas/code/hobby_cpp/JoD6Em/Repository/Client/cmake/CMakeFiles/JourneyOfDreams.dir/cmake_pch.hxx -o CMakeFiles/JourneyOfDreams.dir/home/andreas/code/hobby_cpp/JoD6Em/Repository/Client/ClientSource/ClientCore/Graphics/Rendering/RenderingCore/shader_program.cpp.o -c /home/andreas/code/hobby_cpp/JoD6Em/Repository/Client/ClientSource/ClientCore/Graphics/Rendering/RenderingCore/shader_program.cpp -target wasm32-unknown-emscripten -fignore-exceptions -mllvm -combiner-global-alias-analysis=false -mllvm -enable-emscripten-sjlj -mllvm -disable-lsr --sysroot=/home/andreas/source_build/emsdk/upstream/emscripten/cache/sysroot -DEMSCRIPTEN -isystem /home/andreas/source_build/emsdk/upstream/emscripten/cache/sysroot/include/freetype2 -isystem /home/andreas/source_build/emsdk/upstream/emscripten/cache/sysroot/include/harfbuzz -isystem /home/andreas/source_build/emsdk/upstream/emscripten/cache/sysroot/include/SDL2 -DTTF_USE_HARFBUZZ=1 -Xclang -iwithsysroot/include/compat",
    "file": "/home/andreas/code/hobby_cpp/JoD6Em/Repository/Client/ClientSource/ClientCore/Graphics/Rendering/RenderingCore/shader_program.cpp",
    "output": "CMakeFiles/JourneyOfDreams.dir/home/andreas/code/hobby_cpp/JoD6Em/Repository/Client/ClientSource/ClientCore/Graphics/Rendering/RenderingCore/shader_program.cpp.o"
  },
  {
    "directory": "/home/andreas/code/hobby_cpp/JoD6Em/Repository/Client/cmake",
    "command": "/home/andreas/source_build/emsdk/upstream/emscripten/em++  @CMakeFiles/JourneyOfDreams.dir/includes_CXX.rsp -flto=auto -sUSE_SDL=2 -sUSE_SDL_TTF=2 -sUSE_SDL_IMAGE=2 -sUSE_WEBGL2=1 -sSTB_IMAGE -sUSE_GLFW=3 --preload-file /home/andreas/code/hobby_cpp/JoD6Em/Repository/Client/cmake/../preloaded_files@/ --shell-file /home/andreas/code/hobby_cpp/JoD6Em/Repository/Client/cmake/../html/shell_minimal.html -std=gnu++20 -Winvalid-pch -Xclang -include-pch -Xclang /home/andreas/code/hobby_cpp/JoD6Em/Repository/Client/cmake/CMakeFiles/JourneyOfDreams.dir/cmake_pch.hxx.pch -Xclang -include -Xclang /home/andreas/code/hobby_cpp/JoD6Em/Repository/Client/cmake/CMakeFiles/JourneyOfDreams.dir/cmake_pch.hxx -o CMakeFiles/JourneyOfDreams.dir/home/andreas/code/hobby_cpp/JoD6Em/Repository/Client/ClientSource/ClientCore/Graphics/Rendering/Text/font.cpp.o -c /home/andreas/code/hobby_cpp/JoD6Em/Repository/Client/ClientSource/ClientCore/Graphics/Rendering/Text/font.cpp -target wasm32-unknown-emscripten -fignore-exceptions -mllvm -combiner-global-alias-analysis=false -mllvm -enable-emscripten-sjlj -mllvm -disable-lsr --sysroot=/home/andreas/source_build/emsdk/upstream/emscripten/cache/sysroot -DEMSCRIPTEN -isystem /home/andreas/source_build/emsdk/upstream/emscripten/cache/sysroot/include/freetype2 -isystem /home/andreas/source_build/emsdk/upstream/emscripten/cache/sysroot/include/harfbuzz -isystem /home/andreas/source_build/emsdk/upstream/emscripten/cache/sysroot/include/SDL2 -DTTF_USE_HARFBUZZ=1 -Xclang -iwithsysroot/include/compat",
    "file": "/home/andreas/code/hobby_cpp/JoD6Em/Repository/Client/ClientSource/ClientCore/Graphics/Rendering/Text/font.cpp",
    "output": "CMakeFiles/JourneyOfDreams.dir/home/andreas/code/hobby_cpp/JoD6Em/Repository/Client/ClientSource/ClientCore/Graphics/Rendering/Text/font.cpp.o"
  },
  {
    "directory": "/home/andreas/code/hobby_cpp/JoD6Em/Repository/Client/cmake",
    "command": "/home/andreas/source_build/emsdk/upstream/emscripten/em++  @CMakeFiles/JourneyOfDreams.dir/includes_CXX.rsp -flto=auto -sUSE_SDL=2 -sUSE_SDL_TTF=2 -sUSE_SDL_IMAGE=2 -sUSE_WEBGL2=1 -sSTB_IMAGE -sUSE_GLFW=3 --preload-file /home/andreas/code/hobby_cpp/JoD6Em/Repository/Client/cmake/../preloaded_files@/ --shell-file /home/andreas/code/hobby_cpp/JoD6Em/Repository/Client/cmake/../html/shell_minimal.html -std=gnu++20 -Winvalid-pch -Xclang -include-pch -Xclang /home/andreas/code/hobby_cpp/JoD6Em/Repository/Client/cmake/CMakeFiles/JourneyOfDreams.dir/cmake_pch.hxx.pch -Xclang -include -Xclang /home/andreas/code/hobby_cpp/JoD6Em/Repository/Client/cmake/CMakeFiles/JourneyOfDreams.dir/cmake_pch.hxx -o CMakeFiles/JourneyOfDreams.dir/home/andreas/code/hobby_cpp/JoD6Em/Repository/Client/ClientSource/ClientCore/Graphics/Rendering/Text/text_renderer.cpp.o -c /home/andreas/code/hobby_cpp/JoD6Em/Repository/Client/ClientSource/ClientCore/Graphics/Rendering/Text/text_renderer.cpp -target wasm32-unknown-emscripten -fignore-exceptions -mllvm -combiner-global-alias-analysis=false -mllvm -enable-emscripten-sjlj -mllvm -disable-lsr --sysroot=/home/andreas/source_build/emsdk/upstream/emscripten/cache/sysroot -DEMSCRIPTEN -isystem /home/andreas/source_build/emsdk/upstream/emscripten/cache/sysroot/include/freetype2 -isystem /home/andreas/source_build/emsdk/upstream/emscripten/cache/sysroot/include/harfbuzz -isystem /home/andreas/source_build/emsdk/upstream/emscripten/cache/sysroot/include/SDL2 -DTTF_USE_HARFBUZZ=1 -Xclang -iwithsysroot/include/compat",
    "file": "/home/andreas/code/hobby_cpp/JoD6Em/Repository/Client/ClientSource/ClientCore/Graphics/Rendering/Text/text_renderer.cpp",
    "output": "CMakeFiles/JourneyOfDreams.dir/home/andreas/code/hobby_cpp/JoD6Em/Repository/Client/ClientSource/ClientCore/Graphics/Rendering/Text/text_renderer.cpp.o"
  },
  {
    "directory": "/home/andreas/code/hobby_cpp/JoD6Em/Repository/Client/cmake",
    "command": "/home/andreas/source_build/emsdk/upstream/emscripten/em++  @CMakeFiles/JourneyOfDreams.dir/includes_CXX.rsp -flto=auto -sUSE_SDL=2 -sUSE_SDL_TTF=2 -sUSE_SDL_IMAGE=2 -sUSE_WEBGL2=1 -sSTB_IMAGE -sUSE_GLFW=3 --preload-file /home/andreas/code/hobby_cpp/JoD6Em/Repository/Client/cmake/../preloaded_files@/ --shell-file /home/andreas/code/hobby_cpp/JoD6Em/Repository/Client/cmake/../html/shell_minimal.html -std=gnu++20 -Winvalid-pch -Xclang -include-pch -Xclang /home/andreas/code/hobby_cpp/JoD6Em/Repository/Client/cmake/CMakeFiles/JourneyOfDreams.dir/cmake_pch.hxx.pch -Xclang -include -Xclang /home/andreas/code/hobby_cpp/JoD6Em/Repository/Client/cmake/CMakeFiles/JourneyOfDreams.dir/cmake_pch.hxx -o CMakeFiles/JourneyOfDreams.dir/home/andreas/code/hobby_cpp/JoD6Em/Repository/Client/ClientSource/ClientCore/Graphics/graphics.cpp.o -c /home/andreas/code/hobby_cpp/JoD6Em/Repository/Client/ClientSource/ClientCore/Graphics/graphics.cpp -target wasm32-unknown-emscripten -fignore-exceptions -mllvm -combiner-global-alias-analysis=false -mllvm -enable-emscripten-sjlj -mllvm -disable-lsr --sysroot=/home/andreas/source_build/emsdk/upstream/emscripten/cache/sysroot -DEMSCRIPTEN -isystem /home/andreas/source_build/emsdk/upstream/emscripten/cache/sysroot/include/freetype2 -isystem /home/andreas/source_build/emsdk/upstream/emscripten/cache/sysroot/include/harfbuzz -isystem /home/andreas/source_build/emsdk/upstream/emscripten/cache/sysroot/include/SDL2 -DTTF_USE_HARFBUZZ=1 -Xclang -iwithsysroot/include/compat",
    "file": "/home/andreas/code/hobby_cpp/JoD6Em/Repository/Client/ClientSource/ClientCore/Graphics/graphics.cpp",
    "output": "CMakeFiles/JourneyOfDreams.dir/home/andreas/code/hobby_cpp/JoD6Em/Repository/Client/ClientSource/ClientCore/Graphics/graphics.cpp.o"
  },
  {
    "directory": "/home/andreas/code/hobby_cpp/JoD6Em/Repository/Client/cmake",
    "command": "/home/andreas/source_build/emsdk/upstream/emscripten/em++  @CMakeFiles/JourneyOfDreams.dir/includes_CXX.rsp -flto=auto -sUSE_SDL=2 -sUSE_SDL_TTF=2 -sUSE_SDL_IMAGE=2 -sUSE_WEBGL2=1 -sSTB_IMAGE -sUSE_GLFW=3 --preload-file /home/andreas/code/hobby_cpp/JoD6Em/Repository/Client/cmake/../preloaded_files@/ --shell-file /home/andreas/code/hobby_cpp/JoD6Em/Repository/Client/cmake/../html/shell_minimal.html -std=gnu++20 -Winvalid-pch -Xclang -include-pch -Xclang /home/andreas/code/hobby_cpp/JoD6Em/Repository/Client/cmake/CMakeFiles/JourneyOfDreams.dir/cmake_pch.hxx.pch -Xclang -include -Xclang /home/andreas/code/hobby_cpp/JoD6Em/Repository/Client/cmake/CMakeFiles/JourneyOfDreams.dir/cmake_pch.hxx -o CMakeFiles/JourneyOfDreams.dir/home/andreas/code/hobby_cpp/JoD6Em/Repository/Client/ClientSource/ClientCore/Input/setup_callbacks.cpp.o -c /home/andreas/code/hobby_cpp/JoD6Em/Repository/Client/ClientSource/ClientCore/Input/setup_callbacks.cpp -target wasm32-unknown-emscripten -fignore-exceptions -mllvm -combiner-global-alias-analysis=false -mllvm -enable-emscripten-sjlj -mllvm -disable-lsr --sysroot=/home/andreas/source_build/emsdk/upstream/emscripten/cache/sysroot -DEMSCRIPTEN -isystem /home/andreas/source_build/emsdk/upstream/emscripten/cache/sysroot/include/freetype2 -isystem /home/andreas/source_build/emsdk/upstream/emscripten/cache/sysroot/include/harfbuzz -isystem /home/andreas/source_build/emsdk/upstream/emscripten/cache/sysroot/include/SDL2 -DTTF_USE_HARFBUZZ=1 -Xclang -iwithsysroot/include/compat",
    "file": "/home/andreas/code/hobby_cpp/JoD6Em/Repository/Client/ClientSource/ClientCore/Input/setup_callbacks.cpp",
    "output": "CMakeFiles/JourneyOfDreams.dir/home/andreas/code/hobby_cpp/JoD6Em/Repository/Client/ClientSource/ClientCore/Input/setup_callbacks.cpp.o"
  },
  {
    "directory": "/home/andreas/code/hobby_cpp/JoD6Em/Repository/Client/cmake",
    "command": "/home/andreas/source_build/emsdk/upstream/emscripten/em++  @CMakeFiles/JourneyOfDreams.dir/includes_CXX.rsp -flto=auto -sUSE_SDL=2 -sUSE_SDL_TTF=2 -sUSE_SDL_IMAGE=2 -sUSE_WEBGL2=1 -sSTB_IMAGE -sUSE_GLFW=3 --preload-file /home/andreas/code/hobby_cpp/JoD6Em/Repository/Client/cmake/../preloaded_files@/ --shell-file /home/andreas/code/hobby_cpp/JoD6Em/Repository/Client/cmake/../html/shell_minimal.html -std=gnu++20 -Winvalid-pch -Xclang -include-pch -Xclang /home/andreas/code/hobby_cpp/JoD6Em/Repository/Client/cmake/CMakeFiles/JourneyOfDreams.dir/cmake_pch.hxx.pch -Xclang -include -Xclang /home/andreas/code/hobby_cpp/JoD6Em/Repository/Client/cmake/CMakeFiles/JourneyOfDreams.dir/cmake_pch.hxx -o CMakeFiles/JourneyOfDreams.dir/home/andreas/code/hobby_cpp/JoD6Em/Repository/Client/ClientSource/ClientCore/Instructions/render_instructions_manager.cpp.o -c /home/andreas/code/hobby_cpp/JoD6Em/Repository/Client/ClientSource/ClientCore/Instructions/render_instructions_manager.cpp -target wasm32-unknown-emscripten -fignore-exceptions -mllvm -combiner-global-alias-analysis=false -mllvm -enable-emscripten-sjlj -mllvm -disable-lsr --sysroot=/home/andreas/source_build/emsdk/upstream/emscripten/cache/sysroot -DEMSCRIPTEN -isystem /home/andreas/source_build/emsdk/upstream/emscripten/cache/sysroot/include/freetype2 -isystem /home/andreas/source_build/emsdk/upstream/emscripten/cache/sysroot/include/harfbuzz -isystem /home/andreas/source_build/emsdk/upstream/emscripten/cache/sysroot/include/SDL2 -DTTF_USE_HARFBUZZ=1 -Xclang -iwithsysroot/include/compat",
    "file": "/home/andreas/code/hobby_cpp/JoD6Em/Repository/Client/ClientSource/ClientCore/Instructions/render_instructions_manager.cpp",
    "output": "CMakeFiles/JourneyOfDreams.dir/home/andreas/code/hobby_cpp/JoD6Em/Repository/Client/ClientSource/ClientCore/Instructions/render_instructions_manager.cpp.o"
  },
  {
    "directory": "/home/andreas/code/hobby_cpp/JoD6Em/Repository/Client/cmake",
    "command": "/home/andreas/source_build/emsdk/upstream/emscripten/em++  @CMakeFiles/JourneyOfDreams.dir/includes_CXX.rsp -flto=auto -sUSE_SDL=2 -sUSE_SDL_TTF=2 -sUSE_SDL_IMAGE=2 -sUSE_WEBGL2=1 -sSTB_IMAGE -sUSE_GLFW=3 --preload-file /home/andreas/code/hobby_cpp/JoD6Em/Repository/Client/cmake/../preloaded_files@/ --shell-file /home/andreas/code/hobby_cpp/JoD6Em/Repository/Client/cmake/../html/shell_minimal.html -std=gnu++20 -Winvalid-pch -Xclang -include-pch -Xclang /home/andreas/code/hobby_cpp/JoD6Em/Repository/Client/cmake/CMakeFiles/JourneyOfDreams.dir/cmake_pch.hxx.pch -Xclang -include -Xclang /home/andreas/code/hobby_cpp/JoD6Em/Repository/Client/cmake/CMakeFiles/JourneyOfDreams.dir/cmake_pch.hxx -o CMakeFiles/JourneyOfDreams.dir/home/andreas/code/hobby_cpp/JoD6Em/Repository/Client/ClientSource/ClientCore/Net/web_socket_server_connection.cpp.o -c /home/andreas/code/hobby_cpp/JoD6Em/Repository/Client/ClientSource/ClientCore/Net/web_socket_server_connection.cpp -target wasm32-unknown-emscripten -fignore-exceptions -mllvm -combiner-global-alias-analysis=false -mllvm -enable-emscripten-sjlj -mllvm -disable-lsr --sysroot=/home/andreas/source_build/emsdk/upstream/emscripten/cache/sysroot -DEMSCRIPTEN -isystem /home/andreas/source_build/emsdk/upstream/emscripten/cache/sysroot/include/freetype2 -isystem /home/andreas/source_build/emsdk/upstream/emscripten/cache/sysroot/include/harfbuzz -isystem /home/andreas/source_build/emsdk/upstream/emscripten/cache/sysroot/include/SDL2 -DTTF_USE_HARFBUZZ=1 -Xclang -iwithsysroot/include/compat",
    "file": "/home/andreas/code/hobby_cpp/JoD6Em/Repository/Client/ClientSource/ClientCore/Net/web_socket_server_connection.cpp",
    "output": "CMakeFiles/JourneyOfDreams.dir/home/andreas/code/hobby_cpp/JoD6Em/Repository/Client/ClientSource/ClientCore/Net/web_socket_server_connection.cpp.o"
  },
  {
    "directory": "/home/andreas/code/hobby_cpp/JoD6Em/Repository/Client/cmake",
    "command": "/home/andreas/source_build/emsdk/upstream/emscripten/em++  @CMakeFiles/JourneyOfDreams.dir/includes_CXX.rsp -flto=auto -sUSE_SDL=2 -sUSE_SDL_TTF=2 -sUSE_SDL_IMAGE=2 -sUSE_WEBGL2=1 -sSTB_IMAGE -sUSE_GLFW=3 --preload-file /home/andreas/code/hobby_cpp/JoD6Em/Repository/Client/cmake/../preloaded_files@/ --shell-file /home/andreas/code/hobby_cpp/JoD6Em/Repository/Client/cmake/../html/shell_minimal.html -std=gnu++20 -Winvalid-pch -Xclang -include-pch -Xclang /home/andreas/code/hobby_cpp/JoD6Em/Repository/Client/cmake/CMakeFiles/JourneyOfDreams.dir/cmake_pch.hxx.pch -Xclang -include -Xclang /home/andreas/code/hobby_cpp/JoD6Em/Repository/Client/cmake/CMakeFiles/JourneyOfDreams.dir/cmake_pch.hxx -o CMakeFiles/JourneyOfDreams.dir/home/andreas/code/hobby_cpp/JoD6Em/Repository/Client/ClientSource/ClientCore/Utilities/fps_counter.cpp.o -c /home/andreas/code/hobby_cpp/JoD6Em/Repository/Client/ClientSource/ClientCore/Utilities/fps_counter.cpp -target wasm32-unknown-emscripten -fignore-exceptions -mllvm -combiner-global-alias-analysis=false -mllvm -enable-emscripten-sjlj -mllvm -disable-lsr --sysroot=/home/andreas/source_build/emsdk/upstream/emscripten/cache/sysroot -DEMSCRIPTEN -isystem /home/andreas/source_build/emsdk/upstream/emscripten/cache/sysroot/include/freetype2 -isystem /home/andreas/source_build/emsdk/upstream/emscripten/cache/sysroot/include/harfbuzz -isystem /home/andreas/source_build/emsdk/upstream/emscripten/cache/sysroot/include/SDL2 -DTTF_USE_HARFBUZZ=1 -Xclang -iwithsysroot/include/compat",
    "file": "/home/andreas/code/hobby_cpp/JoD6Em/Repository/Client/ClientSource/ClientCore/Utilities/fps_counter.cpp",
    "output": "CMakeFiles/JourneyOfDreams.dir/home/andreas/code/hobby_cpp/JoD6Em/Repository/Client/ClientSource/ClientCore/Utilities/fps_counter.cpp.o"
  },
  {
    "directory": "/home/andreas/code/hobby_cpp/JoD6Em/Repository/Client/cmake",
    "command": "/home/andreas/source_build/emsdk/upstream/emscripten/em++  @CMakeFiles/JourneyOfDreams.dir/includes_CXX.rsp -flto=auto -sUSE_SDL=2 -sUSE_SDL_TTF=2 -sUSE_SDL_IMAGE=2 -sUSE_WEBGL2=1 -sSTB_IMAGE -sUSE_GLFW=3 --preload-file /home/andreas/code/hobby_cpp/JoD6Em/Repository/Client/cmake/../preloaded_files@/ --shell-file /home/andreas/code/hobby_cpp/JoD6Em/Repository/Client/cmake/../html/shell_minimal.html -std=gnu++20 -Winvalid-pch -Xclang -include-pch -Xclang /home/andreas/code/hobby_cpp/JoD6Em/Repository/Client/cmake/CMakeFiles/JourneyOfDreams.dir/cmake_pch.hxx.pch -Xclang -include -Xclang /home/andreas/code/hobby_cpp/JoD6Em/Repository/Client/cmake/CMakeFiles/JourneyOfDreams.dir/cmake_pch.hxx -o CMakeFiles/JourneyOfDreams.dir/home/andreas/code/hobby_cpp/JoD6Em/Repository/Client/ClientSource/ClientCore/client_engine.cpp.o -c /home/andreas/code/hobby_cpp/JoD6Em/Repository/Client/ClientSource/ClientCore/client_engine.cpp -target wasm32-unknown-emscripten -fignore-exceptions -mllvm -combiner-global-alias-analysis=false -mllvm -enable-emscripten-sjlj -mllvm -disable-lsr --sysroot=/home/andreas/source_build/emsdk/upstream/emscripten/cache/sysroot -DEMSCRIPTEN -isystem /home/andreas/source_build/emsdk/upstream/emscripten/cache/sysroot/include/freetype2 -isystem /home/andreas/source_build/emsdk/upstream/emscripten/cache/sysroot/include/harfbuzz -isystem /home/andreas/source_build/emsdk/upstream/emscripten/cache/sysroot/include/SDL2 -DTTF_USE_HARFBUZZ=1 -Xclang -iwithsysroot/include/compat",
    "file": "/home/andreas/code/hobby_cpp/JoD6Em/Repository/Client/ClientSource/ClientCore/client_engine.cpp",
    "output": "CMakeFiles/JourneyOfDreams.dir/home/andreas/code/hobby_cpp/JoD6Em/Repository/Client/ClientSource/ClientCore/client_engine.cpp.o"
  },
  {
    "directory": "/home/andreas/code/hobby_cpp/JoD6Em/Repository/Client/cmake",
    "command": "/home/andreas/source_build/emsdk/upstream/emscripten/em++  @CMakeFiles/JourneyOfDreams.dir/includes_CXX.rsp -flto=auto -sUSE_SDL=2 -sUSE_SDL_TTF=2 -sUSE_SDL_IMAGE=2 -sUSE_WEBGL2=1 -sSTB_IMAGE -sUSE_GLFW=3 --preload-file /home/andreas/code/hobby_cpp/JoD6Em/Repository/Client/cmake/../preloaded_files@/ --shell-file /home/andreas/code/hobby_cpp/JoD6Em/Repository/Client/cmake/../html/shell_minimal.html -std=gnu++20 -Winvalid-pch -Xclang -include-pch -Xclang /home/andreas/code/hobby_cpp/JoD6Em/Repository/Client/cmake/CMakeFiles/JourneyOfDreams.dir/cmake_pch.hxx.pch -Xclang -include -Xclang /home/andreas/code/hobby_cpp/JoD6Em/Repository/Client/cmake/CMakeFiles/JourneyOfDreams.dir/cmake_pch.hxx -o CMakeFiles/JourneyOfDreams.dir/home/andreas/code/hobby_cpp/JoD6Em/Repository/Client/ClientSource/ClientCore/run_new_client_instance.cpp.o -c /home/andreas/code/hobby_cpp/JoD6Em/Repository/Client/ClientSource/ClientCore/run_new_client_instance.cpp -target wasm32-unknown-emscripten -fignore-exceptions -mllvm -combiner-global-alias-analysis=false -mllvm -enable-emscripten-sjlj -mllvm -disable-lsr --sysroot=/home/andreas/source_build/emsdk/upstream/emscripten/cache/sysroot -DEMSCRIPTEN -isystem /home/andreas/source_build/emsdk/upstream/emscripten/cache/sysroot/include/freetype2 -isystem /home/andreas/source_build/emsdk/upstream/emscripten/cache/sysroot/include/harfbuzz -isystem /home/andreas/source_build/emsdk/upstream/emscripten/cache/sysroot/include/SDL2 -DTTF_USE_HARFBUZZ=1 -Xclang -iwithsysroot/include/compat",
    "file": "/home/andreas/code/hobby_cpp/JoD6Em/Repository/Client/ClientSource/ClientCore/run_new_client_instance.cpp",
    "output": "CMakeFiles/JourneyOfDreams.dir/home/andreas/code/hobby_cpp/JoD6Em/Repository/Client/ClientSource/ClientCore/run_new_client_instance.cpp.o"
  },
  {
    "directory": "/home/andreas/code/hobby_cpp/JoD6Em/Repository/Client/cmake",
    "command": "/home/andreas/source_build/emsdk/upstream/emscripten/em++  @CMakeFiles/JourneyOfDreams.dir/includes_CXX.rsp -flto=auto -sUSE_SDL=2 -sUSE_SDL_TTF=2 -sUSE_SDL_IMAGE=2 -sUSE_WEBGL2=1 -sSTB_IMAGE -sUSE_GLFW=3 --preload-file /home/andreas/code/hobby_cpp/JoD6Em/Repository/Client/cmake/../preloaded_files@/ --shell-file /home/andreas/code/hobby_cpp/JoD6Em/Repository/Client/cmake/../html/shell_minimal.html -std=gnu++20 -Winvalid-pch -Xclang -include-pch -Xclang /home/andreas/code/hobby_cpp/JoD6Em/Repository/Client/cmake/CMakeFiles/JourneyOfDreams.dir/cmake_pch.hxx.pch -Xclang -include -Xclang /home/andreas/code/hobby_cpp/JoD6Em/Repository/Client/cmake/CMakeFiles/JourneyOfDreams.dir/cmake_pch.hxx -o CMakeFiles/JourneyOfDreams.dir/home/andreas/code/hobby_cpp/JoD6Em/Repository/Client/ClientSource/Common/canvas_utilities.cpp.o -c /home/andreas/code/hobby_cpp/JoD6Em/Repository/Client/ClientSource/Common/canvas_utilities.cpp -target wasm32-unknown-emscripten -fignore-exceptions -mllvm -combiner-global-alias-analysis=false -mllvm -enable-emscripten-sjlj -mllvm -disable-lsr --sysroot=/home/andreas/source_build/emsdk/upstream/emscripten/cache/sysroot -DEMSCRIPTEN -isystem /home/andreas/source_build/emsdk/upstream/emscripten/cache/sysroot/include/freetype2 -isystem /home/andreas/source_build/emsdk/upstream/emscripten/cache/sysroot/include/harfbuzz -isystem /home/andreas/source_build/emsdk/upstream/emscripten/cache/sysroot/include/SDL2 -DTTF_USE_HARFBUZZ=1 -Xclang -iwithsysroot/include/compat",
    "file": "/home/andreas/code/hobby_cpp/JoD6Em/Repository/Client/ClientSource/Common/canvas_utilities.cpp",
    "output": "CMakeFiles/JourneyOfDreams.dir/home/andreas/code/hobby_cpp/JoD6Em/Repository/Client/ClientSource/Common/canvas_utilities.cpp.o"
  },
  {
    "directory": "/home/andreas/code/hobby_cpp/JoD6Em/Repository/Client/cmake",
    "command": "/home/andreas/source_build/emsdk/upstream/emscripten/em++  @CMakeFiles/JourneyOfDreams.dir/includes_CXX.rsp -flto=auto -sUSE_SDL=2 -sUSE_SDL_TTF=2 -sUSE_SDL_IMAGE=2 -sUSE_WEBGL2=1 -sSTB_IMAGE -sUSE_GLFW=3 --preload-file /home/andreas/code/hobby_cpp/JoD6Em/Repository/Client/cmake/../preloaded_files@/ --shell-file /home/andreas/code/hobby_cpp/JoD6Em/Repository/Client/cmake/../html/shell_minimal.html -std=gnu++20 -Winvalid-pch -Xclang -include-pch -Xclang /home/andreas/code/hobby_cpp/JoD6Em/Repository/Client/cmake/CMakeFiles/JourneyOfDreams.dir/cmake_pch.hxx.pch -Xclang -include -Xclang /home/andreas/code/hobby_cpp/JoD6Em/Repository/Client/cmake/CMakeFiles/JourneyOfDreams.dir/cmake_pch.hxx -o CMakeFiles/JourneyOfDreams.dir/home/andreas/code/hobby_cpp/JoD6Em/Repository/Client/ClientSource/Common/file_utilities.cpp.o -c /home/andreas/code/hobby_cpp/JoD6Em/Repository/Client/ClientSource/Common/file_utilities.cpp -target wasm32-unknown-emscripten -fignore-exceptions -mllvm -combiner-global-alias-analysis=false -mllvm -enable-emscripten-sjlj -mllvm -disable-lsr --sysroot=/home/andreas/source_build/emsdk/upstream/emscripten/cache/sysroot -DEMSCRIPTEN -isystem /home/andreas/source_build/emsdk/upstream/emscripten/cache/sysroot/include/freetype2 -isystem /home/andreas/source_build/emsdk/upstream/emscripten/cache/sysroot/include/harfbuzz -isystem /home/andreas/source_build/emsdk/upstream/emscripten/cache/sysroot/include/SDL2 -DTTF_USE_HARFBUZZ=1 -Xclang -iwithsysroot/include/compat",
    "file": "/home/andreas/code/hobby_cpp/JoD6Em/Repository/Client/ClientSource/Common/file_utilities.cpp",
    "output": "CMakeFiles/JourneyOfDreams.dir/home/andreas/code/hobby_cpp/JoD6Em/Repository/Client/ClientSource/Common/file_utilities.cpp.o"
  },
  {
    "directory": "/home/andreas/code/hobby_cpp/JoD6Em/Repository/Client/cmake",
    "command": "/home/andreas/source_build/emsdk/upstream/emscripten/em++  @CMakeFiles/JourneyOfDreams.dir/includes_CXX.rsp -flto=auto -sUSE_SDL=2 -sUSE_SDL_TTF=2 -sUSE_SDL_IMAGE=2 -sUSE_WEBGL2=1 -sSTB_IMAGE -sUSE_GLFW=3 --preload-file /home/andreas/code/hobby_cpp/JoD6Em/Repository/Client/cmake/../preloaded_files@/ --shell-file /home/andreas/code/hobby_cpp/JoD6Em/Repository/Client/cmake/../html/shell_minimal.html -std=gnu++20 -Winvalid-pch -Xclang -include-pch -Xclang /home/andreas/code/hobby_cpp/JoD6Em/Repository/Client/cmake/CMakeFiles/JourneyOfDreams.dir/cmake_pch.hxx.pch -Xclang -include -Xclang /home/andreas/code/hobby_cpp/JoD6Em/Repository/Client/cmake/CMakeFiles/JourneyOfDreams.dir/cmake_pch.hxx -o CMakeFiles/JourneyOfDreams.dir/home/andreas/code/hobby_cpp/JoD6Em/Repository/Client/ClientSource/Common/mouse_utilities.cpp.o -c /home/andreas/code/hobby_cpp/JoD6Em/Repository/Client/ClientSource/Common/mouse_utilities.cpp -target wasm32-unknown-emscripten -fignore-exceptions -mllvm -combiner-global-alias-analysis=false -mllvm -enable-emscripten-sjlj -mllvm -disable-lsr --sysroot=/home/andreas/source_build/emsdk/upstream/emscripten/cache/sysroot -DEMSCRIPTEN -isystem /home/andreas/source_build/emsdk/upstream/emscripten/cache/sysroot/include/freetype2 -isystem /home/andreas/source_build/emsdk/upstream/emscripten/cache/sysroot/include/harfbuzz -isystem /home/andreas/source_build/emsdk/upstream/emscripten/cache/sysroot/include/SDL2 -DTTF_USE_HARFBUZZ=1 -Xclang -iwithsysroot/include/compat",
    "file": "/home/andreas/code/hobby_cpp/JoD6Em/Repository/Client/ClientSource/Common/mouse_utilities.cpp",
    "output": "CMakeFiles/JourneyOfDreams.dir/home/andreas/code/hobby_cpp/JoD6Em/Repository/Client/ClientSource/Common/mouse_utilities.cpp.o"
  },
  {
    "directory": "/home/andreas/code/hobby_cpp/JoD6Em/Repository/Client/cmake",
    "command": "/home/andreas/source_build/emsdk/upstream/emscripten/em++  @CMakeFiles/JourneyOfDreams.dir/includes_CXX.rsp -flto=auto -sUSE_SDL=2 -sUSE_SDL_TTF=2 -sUSE_SDL_IMAGE=2 -sUSE_WEBGL2=1 -sSTB_IMAGE -sUSE_GLFW=3 --preload-file /home/andreas/code/hobby_cpp/JoD6Em/Repository/Client/cmake/../preloaded_files@/ --shell-file /home/andreas/code/hobby_cpp/JoD6Em/Repository/Client/cmake/../html/shell_minimal.html -std=gnu++20 -Winvalid-pch -Xclang -include-pch -Xclang /home/andreas/code/hobby_cpp/JoD6Em/Repository/Client/cmake/CMakeFiles/JourneyOfDreams.dir/cmake_pch.hxx.pch -Xclang -include -Xclang /home/andreas/code/hobby_cpp/JoD6Em/Repository/Client/cmake/CMakeFiles/JourneyOfDreams.dir/cmake_pch.hxx -o CMakeFiles/JourneyOfDreams.dir/home/andreas/code/hobby_cpp/JoD6Em/Repository/Client/ClientSource/Common/sdl_deleter.cpp.o -c /home/andreas/code/hobby_cpp/JoD6Em/Repository/Client/ClientSource/Common/sdl_deleter.cpp -target wasm32-unknown-emscripten -fignore-exceptions -mllvm -combiner-global-alias-analysis=false -mllvm -enable-emscripten-sjlj -mllvm -disable-lsr --sysroot=/home/andreas/source_build/emsdk/upstream/emscripten/cache/sysroot -DEMSCRIPTEN -isystem /home/andreas/source_build/emsdk/upstream/emscripten/cache/sysroot/include/freetype2 -isystem /home/andreas/source_build/emsdk/upstream/emscripten/cache/sysroot/include/harfbuzz -isystem /home/andreas/source_build/emsdk/upstream/emscripten/cache/sysroot/include/SDL2 -DTTF_USE_HARFBUZZ=1 -Xclang -iwithsysroot/include/compat",
    "file": "/home/andreas/code/hobby_cpp/JoD6Em/Repository/Client/ClientSource/Common/sdl_deleter.cpp",
    "output": "CMakeFiles/JourneyOfDreams.dir/home/andreas/code/hobby_cpp/JoD6Em/Repository/Client/ClientSource/Common/sdl_deleter.cpp.o"
  },
  {
    "directory": "/home/andreas/code/hobby_cpp/JoD6Em/Repository/Client/cmake",
    "command": "/home/andreas/source_build/emsdk/upstream/emscripten/em++  @CMakeFiles/JourneyOfDreams.dir/includes_CXX.rsp -flto=auto -sUSE_SDL=2 -sUSE_SDL_TTF=2 -sUSE_SDL_IMAGE=2 -sUSE_WEBGL2=1 -sSTB_IMAGE -sUSE_GLFW=3 --preload-file /home/andreas/code/hobby_cpp/JoD6Em/Repository/Client/cmake/../preloaded_files@/ --shell-file /home/andreas/code/hobby_cpp/JoD6Em/Repository/Client/cmake/../html/shell_minimal.html -std=gnu++20 -Winvalid-pch -Xclang -include-pch -Xclang /home/andreas/code/hobby_cpp/JoD6Em/Repository/Client/cmake/CMakeFiles/JourneyOfDreams.dir/cmake_pch.hxx.pch -Xclang -include -Xclang /home/andreas/code/hobby_cpp/JoD6Em/Repository/Client/cmake/CMakeFiles/JourneyOfDreams.dir/cmake_pch.hxx -o CMakeFiles/JourneyOfDreams.dir/home/andreas/code/hobby_cpp/JoD6Em/Repository/Client/ClientSource/main.cpp.o -c /home/andreas/code/hobby_cpp/JoD6Em/Repository/Client/ClientSource/main.cpp -target wasm32-unknown-emscripten -fignore-exceptions -mllvm -combiner-global-alias-analysis=false -mllvm -enable-emscripten-sjlj -mllvm -disable-lsr --sysroot=/home/andreas/source_build/emsdk/upstream/emscripten/cache/sysroot -DEMSCRIPTEN -isystem /home/andreas/source_build/emsdk/upstream/emscripten/cache/sysroot/include/freetype2 -isystem /home/andreas/source_build/emsdk/upstream/emscripten/cache/sysroot/include/harfbuzz -isystem /home/andreas/source_build/emsdk/upstream/emscripten/cache/sysroot/include/SDL2 -DTTF_USE_HARFBUZZ=1 -Xclang -iwithsysroot/include/compat",
    "file": "/home/andreas/code/hobby_cpp/JoD6Em/Repository/Client/ClientSource/main.cpp",
    "output": "CMakeFiles/JourneyOfDreams.dir/home/andreas/code/hobby_cpp/JoD6Em/Repository/Client/ClientSource/main.cpp.o"
  },
  {
    "directory": "/home/andreas/code/hobby_cpp/JoD6Em/Repository/Client/cmake",
    "command": "/home/andreas/source_build/emsdk/upstream/emscripten/em++  @CMakeFiles/JourneyOfDreams.dir/includes_CXX.rsp -flto=auto -sUSE_SDL=2 -sUSE_SDL_TTF=2 -sUSE_SDL_IMAGE=2 -sUSE_WEBGL2=1 -sSTB_IMAGE -sUSE_GLFW=3 --preload-file /home/andreas/code/hobby_cpp/JoD6Em/Repository/Client/cmake/../preloaded_files@/ --shell-file /home/andreas/code/hobby_cpp/JoD6Em/Repository/Client/cmake/../html/shell_minimal.html -std=gnu++20 -Winvalid-pch -Xclang -include-pch -Xclang /home/andreas/code/hobby_cpp/JoD6Em/Repository/Client/cmake/CMakeFiles/JourneyOfDreams.dir/cmake_pch.hxx.pch -Xclang -include -Xclang /home/andreas/code/hobby_cpp/JoD6Em/Repository/Client/cmake/CMakeFiles/JourneyOfDreams.dir/cmake_pch.hxx -o CMakeFiles/JourneyOfDreams.dir/home/andreas/code/hobby_cpp/JoD6Em/Repository/Shared/SharedSource/common_utils.cpp.o -c /home/andreas/code/hobby_cpp/JoD6Em/Repository/Shared/SharedSource/common_utils.cpp -target wasm32-unknown-emscripten -fignore-exceptions -mllvm -combiner-global-alias-analysis=false -mllvm -enable-emscripten-sjlj -mllvm -disable-lsr --sysroot=/home/andreas/source_build/emsdk/upstream/emscripten/cache/sysroot -DEMSCRIPTEN -isystem /home/andreas/source_build/emsdk/upstream/emscripten/cache/sysroot/include/freetype2 -isystem /home/andreas/source_build/emsdk/upstream/emscripten/cache/sysroot/include/harfbuzz -isystem /home/andreas/source_build/emsdk/upstream/emscripten/cache/sysroot/include/SDL2 -DTTF_USE_HARFBUZZ=1 -Xclang -iwithsysroot/include/compat",
    "file": "/home/andreas/code/hobby_cpp/JoD6Em/Repository/Shared/SharedSource/common_utils.cpp",
    "output": "CMakeFiles/JourneyOfDreams.dir/home/andreas/code/hobby_cpp/JoD6Em/Repository/Shared/SharedSource/common_utils.cpp.o"
  },
  {
    "directory": "/home/andreas/code/hobby_cpp/JoD6Em/Repository/Client/cmake",
    "command": "/home/andreas/source_build/emsdk/upstream/emscripten/em++  @CMakeFiles/JourneyOfDreams.dir/includes_CXX.rsp -flto=auto -sUSE_SDL=2 -sUSE_SDL_TTF=2 -sUSE_SDL_IMAGE=2 -sUSE_WEBGL2=1 -sSTB_IMAGE -sUSE_GLFW=3 --preload-file /home/andreas/code/hobby_cpp/JoD6Em/Repository/Client/cmake/../preloaded_files@/ --shell-file /home/andreas/code/hobby_cpp/JoD6Em/Repository/Client/cmake/../html/shell_minimal.html -std=gnu++20 -Winvalid-pch -Xclang -include-pch -Xclang /home/andreas/code/hobby_cpp/JoD6Em/Repository/Client/cmake/CMakeFiles/JourneyOfDreams.dir/cmake_pch.hxx.pch -Xclang -include -Xclang /home/andreas/code/hobby_cpp/JoD6Em/Repository/Client/cmake/CMakeFiles/JourneyOfDreams.dir/cmake_pch.hxx -o CMakeFiles/JourneyOfDreams.dir/home/andreas/code/hobby_cpp/JoD6Em/Repository/Shared/SharedSource/math_lib.cpp.o -c /home/andreas/code/hobby_cpp/JoD6Em/Repository/Shared/SharedSource/math_lib.cpp -target wasm32-unknown-emscripten -fignore-exceptions -mllvm -combiner-global-alias-analysis=false -mllvm -enable-emscripten-sjlj -mllvm -disable-lsr --sysroot=/home/andreas/source_build/emsdk/upstream/emscripten/cache/sysroot -DEMSCRIPTEN -isystem /home/andreas/source_build/emsdk/upstream/emscripten/cache/sysroot/include/freetype2 -isystem /home/andreas/source_build/emsdk/upstream/emscripten/cache/sysroot/include/harfbuzz -isystem /home/andreas/source_build/emsdk/upstream/emscripten/cache/sysroot/include/SDL2 -DTTF_USE_HARFBUZZ=1 -Xclang -iwithsysroot/include/compat",
    "file": "/home/andreas/code/hobby_cpp/JoD6Em/Repository/Shared/SharedSource/math_lib.cpp",
    "output": "CMakeFiles/JourneyOfDreams.dir/home/andreas/code/hobby_cpp/JoD6Em/Repository/Shared/SharedSource/math_lib.cpp.o"
  }
]
